<?xml version="1.0" encoding="UTF-8"?>
<testsuites>
  <testsuite name="/Users/rafaelogic/Desktop/projects/laravel/packages/codesnoutr/phpunit.xml" tests="51" assertions="17" errors="34" failures="2" skipped="0" time="0.007010">
    <testsuite name="CodeSnoutr Test Suite" tests="51" assertions="17" errors="34" failures="2" skipped="0" time="0.007010">
      <testsuite name="Rafaelogic\CodeSnoutr\Tests\Feature\ResolveIssueRedirectTest" file="/Users/rafaelogic/Desktop/projects/laravel/packages/codesnoutr/tests/Feature/ResolveIssueRedirectTest.php" tests="6" assertions="0" errors="6" failures="0" skipped="0" time="0.000000">
        <testcase name="it_dispatches_redirect_event_when_marking_as_false_positive" file="/Users/rafaelogic/Desktop/projects/laravel/packages/codesnoutr/tests/Feature/ResolveIssueRedirectTest.php" line="94" class="Rafaelogic\CodeSnoutr\Tests\Feature\ResolveIssueRedirectTest" classname="Rafaelogic.CodeSnoutr.Tests.Feature.ResolveIssueRedirectTest" assertions="0" time="0.000000">
          <error type="Illuminate\Contracts\Container\BindingResolutionException">Rafaelogic\CodeSnoutr\Tests\Feature\ResolveIssueRedirectTest::it_dispatches_redirect_event_when_marking_as_false_positive
Illuminate\Contracts\Container\BindingResolutionException: Target class [livewire] does not exist.

/Users/rafaelogic/Desktop/projects/laravel/packages/codesnoutr/vendor/laravel/framework/src/Illuminate/Container/Container.php:961
/Users/rafaelogic/Desktop/projects/laravel/packages/codesnoutr/vendor/laravel/framework/src/Illuminate/Container/Container.php:832
/Users/rafaelogic/Desktop/projects/laravel/packages/codesnoutr/vendor/laravel/framework/src/Illuminate/Foundation/Application.php:1078
/Users/rafaelogic/Desktop/projects/laravel/packages/codesnoutr/vendor/laravel/framework/src/Illuminate/Container/Container.php:763
/Users/rafaelogic/Desktop/projects/laravel/packages/codesnoutr/vendor/laravel/framework/src/Illuminate/Foundation/Application.php:1058
/Users/rafaelogic/Desktop/projects/laravel/packages/codesnoutr/vendor/laravel/framework/src/Illuminate/Container/Container.php:1580
/Users/rafaelogic/Desktop/projects/laravel/packages/codesnoutr/vendor/laravel/framework/src/Illuminate/Support/Facades/Facade.php:239
/Users/rafaelogic/Desktop/projects/laravel/packages/codesnoutr/vendor/laravel/framework/src/Illuminate/Support/Facades/Facade.php:210
/Users/rafaelogic/Desktop/projects/laravel/packages/codesnoutr/vendor/laravel/framework/src/Illuminate/Support/Facades/Facade.php:355
/Users/rafaelogic/Desktop/projects/laravel/packages/codesnoutr/src/CodeSnoutrServiceProvider.php:109
/Users/rafaelogic/Desktop/projects/laravel/packages/codesnoutr/src/CodeSnoutrServiceProvider.php:94
/Users/rafaelogic/Desktop/projects/laravel/packages/codesnoutr/vendor/laravel/framework/src/Illuminate/Container/BoundMethod.php:36
/Users/rafaelogic/Desktop/projects/laravel/packages/codesnoutr/vendor/laravel/framework/src/Illuminate/Container/Util.php:43
/Users/rafaelogic/Desktop/projects/laravel/packages/codesnoutr/vendor/laravel/framework/src/Illuminate/Container/BoundMethod.php:95
/Users/rafaelogic/Desktop/projects/laravel/packages/codesnoutr/vendor/laravel/framework/src/Illuminate/Container/BoundMethod.php:35
/Users/rafaelogic/Desktop/projects/laravel/packages/codesnoutr/vendor/laravel/framework/src/Illuminate/Container/Container.php:696
/Users/rafaelogic/Desktop/projects/laravel/packages/codesnoutr/vendor/laravel/framework/src/Illuminate/Foundation/Application.php:1151
/Users/rafaelogic/Desktop/projects/laravel/packages/codesnoutr/vendor/laravel/framework/src/Illuminate/Foundation/Application.php:1132
/Users/rafaelogic/Desktop/projects/laravel/packages/codesnoutr/vendor/laravel/framework/src/Illuminate/Foundation/Application.php:1131
/Users/rafaelogic/Desktop/projects/laravel/packages/codesnoutr/vendor/laravel/framework/src/Illuminate/Foundation/Bootstrap/BootProviders.php:17
/Users/rafaelogic/Desktop/projects/laravel/packages/codesnoutr/vendor/orchestra/testbench-core/src/Concerns/CreatesApplication.php:593
/Users/rafaelogic/Desktop/projects/laravel/packages/codesnoutr/vendor/orchestra/testbench-core/src/Concerns/CreatesApplication.php:311
/Users/rafaelogic/Desktop/projects/laravel/packages/codesnoutr/vendor/orchestra/testbench-core/src/TestCase.php:121
/Users/rafaelogic/Desktop/projects/laravel/packages/codesnoutr/vendor/orchestra/testbench-core/src/Concerns/ApplicationTestingHooks.php:74
/Users/rafaelogic/Desktop/projects/laravel/packages/codesnoutr/vendor/orchestra/testbench-core/src/Concerns/Testing.php:43
/Users/rafaelogic/Desktop/projects/laravel/packages/codesnoutr/vendor/laravel/framework/src/Illuminate/Collections/helpers.php:236
/Users/rafaelogic/Desktop/projects/laravel/packages/codesnoutr/vendor/orchestra/sidekick/src/functions.php:87
/Users/rafaelogic/Desktop/projects/laravel/packages/codesnoutr/vendor/laravel/framework/src/Illuminate/Collections/helpers.php:236
/Users/rafaelogic/Desktop/projects/laravel/packages/codesnoutr/vendor/orchestra/testbench-core/src/Concerns/Testing.php:57
/Users/rafaelogic/Desktop/projects/laravel/packages/codesnoutr/vendor/orchestra/testbench-core/src/TestCase.php:50
/Users/rafaelogic/Desktop/projects/laravel/packages/codesnoutr/tests/TestCase.php:12
/Users/rafaelogic/Desktop/projects/laravel/packages/codesnoutr/tests/Feature/ResolveIssueRedirectTest.php:21</error>
        </testcase>
        <testcase name="it_handles_nonexistent_issue_gracefully" file="/Users/rafaelogic/Desktop/projects/laravel/packages/codesnoutr/tests/Feature/ResolveIssueRedirectTest.php" line="109" class="Rafaelogic\CodeSnoutr\Tests\Feature\ResolveIssueRedirectTest" classname="Rafaelogic.CodeSnoutr.Tests.Feature.ResolveIssueRedirectTest" assertions="0" time="0.000000">
          <error type="Illuminate\Contracts\Container\BindingResolutionException">Rafaelogic\CodeSnoutr\Tests\Feature\ResolveIssueRedirectTest::it_handles_nonexistent_issue_gracefully
Illuminate\Contracts\Container\BindingResolutionException: Target class [livewire] does not exist.

/Users/rafaelogic/Desktop/projects/laravel/packages/codesnoutr/vendor/laravel/framework/src/Illuminate/Container/Container.php:961
/Users/rafaelogic/Desktop/projects/laravel/packages/codesnoutr/vendor/laravel/framework/src/Illuminate/Container/Container.php:832
/Users/rafaelogic/Desktop/projects/laravel/packages/codesnoutr/vendor/laravel/framework/src/Illuminate/Foundation/Application.php:1078
/Users/rafaelogic/Desktop/projects/laravel/packages/codesnoutr/vendor/laravel/framework/src/Illuminate/Container/Container.php:763
/Users/rafaelogic/Desktop/projects/laravel/packages/codesnoutr/vendor/laravel/framework/src/Illuminate/Foundation/Application.php:1058
/Users/rafaelogic/Desktop/projects/laravel/packages/codesnoutr/vendor/laravel/framework/src/Illuminate/Container/Container.php:1580
/Users/rafaelogic/Desktop/projects/laravel/packages/codesnoutr/vendor/laravel/framework/src/Illuminate/Support/Facades/Facade.php:239
/Users/rafaelogic/Desktop/projects/laravel/packages/codesnoutr/vendor/laravel/framework/src/Illuminate/Support/Facades/Facade.php:210
/Users/rafaelogic/Desktop/projects/laravel/packages/codesnoutr/vendor/laravel/framework/src/Illuminate/Support/Facades/Facade.php:355
/Users/rafaelogic/Desktop/projects/laravel/packages/codesnoutr/src/CodeSnoutrServiceProvider.php:109
/Users/rafaelogic/Desktop/projects/laravel/packages/codesnoutr/src/CodeSnoutrServiceProvider.php:94
/Users/rafaelogic/Desktop/projects/laravel/packages/codesnoutr/vendor/laravel/framework/src/Illuminate/Container/BoundMethod.php:36
/Users/rafaelogic/Desktop/projects/laravel/packages/codesnoutr/vendor/laravel/framework/src/Illuminate/Container/Util.php:43
/Users/rafaelogic/Desktop/projects/laravel/packages/codesnoutr/vendor/laravel/framework/src/Illuminate/Container/BoundMethod.php:95
/Users/rafaelogic/Desktop/projects/laravel/packages/codesnoutr/vendor/laravel/framework/src/Illuminate/Container/BoundMethod.php:35
/Users/rafaelogic/Desktop/projects/laravel/packages/codesnoutr/vendor/laravel/framework/src/Illuminate/Container/Container.php:696
/Users/rafaelogic/Desktop/projects/laravel/packages/codesnoutr/vendor/laravel/framework/src/Illuminate/Foundation/Application.php:1151
/Users/rafaelogic/Desktop/projects/laravel/packages/codesnoutr/vendor/laravel/framework/src/Illuminate/Foundation/Application.php:1132
/Users/rafaelogic/Desktop/projects/laravel/packages/codesnoutr/vendor/laravel/framework/src/Illuminate/Foundation/Application.php:1131
/Users/rafaelogic/Desktop/projects/laravel/packages/codesnoutr/vendor/laravel/framework/src/Illuminate/Foundation/Bootstrap/BootProviders.php:17
/Users/rafaelogic/Desktop/projects/laravel/packages/codesnoutr/vendor/orchestra/testbench-core/src/Concerns/CreatesApplication.php:593
/Users/rafaelogic/Desktop/projects/laravel/packages/codesnoutr/vendor/orchestra/testbench-core/src/Concerns/CreatesApplication.php:311
/Users/rafaelogic/Desktop/projects/laravel/packages/codesnoutr/vendor/orchestra/testbench-core/src/TestCase.php:121
/Users/rafaelogic/Desktop/projects/laravel/packages/codesnoutr/vendor/orchestra/testbench-core/src/Concerns/ApplicationTestingHooks.php:74
/Users/rafaelogic/Desktop/projects/laravel/packages/codesnoutr/vendor/orchestra/testbench-core/src/Concerns/Testing.php:43
/Users/rafaelogic/Desktop/projects/laravel/packages/codesnoutr/vendor/laravel/framework/src/Illuminate/Collections/helpers.php:236
/Users/rafaelogic/Desktop/projects/laravel/packages/codesnoutr/vendor/orchestra/sidekick/src/functions.php:87
/Users/rafaelogic/Desktop/projects/laravel/packages/codesnoutr/vendor/laravel/framework/src/Illuminate/Collections/helpers.php:236
/Users/rafaelogic/Desktop/projects/laravel/packages/codesnoutr/vendor/orchestra/testbench-core/src/Concerns/Testing.php:57
/Users/rafaelogic/Desktop/projects/laravel/packages/codesnoutr/vendor/orchestra/testbench-core/src/TestCase.php:50
/Users/rafaelogic/Desktop/projects/laravel/packages/codesnoutr/tests/TestCase.php:12
/Users/rafaelogic/Desktop/projects/laravel/packages/codesnoutr/tests/Feature/ResolveIssueRedirectTest.php:21</error>
        </testcase>
        <testcase name="it_marks_issue_as_resolved_and_dispatches_redirect" file="/Users/rafaelogic/Desktop/projects/laravel/packages/codesnoutr/tests/Feature/ResolveIssueRedirectTest.php" line="60" class="Rafaelogic\CodeSnoutr\Tests\Feature\ResolveIssueRedirectTest" classname="Rafaelogic.CodeSnoutr.Tests.Feature.ResolveIssueRedirectTest" assertions="0" time="0.000000">
          <error type="Illuminate\Contracts\Container\BindingResolutionException">Rafaelogic\CodeSnoutr\Tests\Feature\ResolveIssueRedirectTest::it_marks_issue_as_resolved_and_dispatches_redirect
Illuminate\Contracts\Container\BindingResolutionException: Target class [livewire] does not exist.

/Users/rafaelogic/Desktop/projects/laravel/packages/codesnoutr/vendor/laravel/framework/src/Illuminate/Container/Container.php:961
/Users/rafaelogic/Desktop/projects/laravel/packages/codesnoutr/vendor/laravel/framework/src/Illuminate/Container/Container.php:832
/Users/rafaelogic/Desktop/projects/laravel/packages/codesnoutr/vendor/laravel/framework/src/Illuminate/Foundation/Application.php:1078
/Users/rafaelogic/Desktop/projects/laravel/packages/codesnoutr/vendor/laravel/framework/src/Illuminate/Container/Container.php:763
/Users/rafaelogic/Desktop/projects/laravel/packages/codesnoutr/vendor/laravel/framework/src/Illuminate/Foundation/Application.php:1058
/Users/rafaelogic/Desktop/projects/laravel/packages/codesnoutr/vendor/laravel/framework/src/Illuminate/Container/Container.php:1580
/Users/rafaelogic/Desktop/projects/laravel/packages/codesnoutr/vendor/laravel/framework/src/Illuminate/Support/Facades/Facade.php:239
/Users/rafaelogic/Desktop/projects/laravel/packages/codesnoutr/vendor/laravel/framework/src/Illuminate/Support/Facades/Facade.php:210
/Users/rafaelogic/Desktop/projects/laravel/packages/codesnoutr/vendor/laravel/framework/src/Illuminate/Support/Facades/Facade.php:355
/Users/rafaelogic/Desktop/projects/laravel/packages/codesnoutr/src/CodeSnoutrServiceProvider.php:109
/Users/rafaelogic/Desktop/projects/laravel/packages/codesnoutr/src/CodeSnoutrServiceProvider.php:94
/Users/rafaelogic/Desktop/projects/laravel/packages/codesnoutr/vendor/laravel/framework/src/Illuminate/Container/BoundMethod.php:36
/Users/rafaelogic/Desktop/projects/laravel/packages/codesnoutr/vendor/laravel/framework/src/Illuminate/Container/Util.php:43
/Users/rafaelogic/Desktop/projects/laravel/packages/codesnoutr/vendor/laravel/framework/src/Illuminate/Container/BoundMethod.php:95
/Users/rafaelogic/Desktop/projects/laravel/packages/codesnoutr/vendor/laravel/framework/src/Illuminate/Container/BoundMethod.php:35
/Users/rafaelogic/Desktop/projects/laravel/packages/codesnoutr/vendor/laravel/framework/src/Illuminate/Container/Container.php:696
/Users/rafaelogic/Desktop/projects/laravel/packages/codesnoutr/vendor/laravel/framework/src/Illuminate/Foundation/Application.php:1151
/Users/rafaelogic/Desktop/projects/laravel/packages/codesnoutr/vendor/laravel/framework/src/Illuminate/Foundation/Application.php:1132
/Users/rafaelogic/Desktop/projects/laravel/packages/codesnoutr/vendor/laravel/framework/src/Illuminate/Foundation/Application.php:1131
/Users/rafaelogic/Desktop/projects/laravel/packages/codesnoutr/vendor/laravel/framework/src/Illuminate/Foundation/Bootstrap/BootProviders.php:17
/Users/rafaelogic/Desktop/projects/laravel/packages/codesnoutr/vendor/orchestra/testbench-core/src/Concerns/CreatesApplication.php:593
/Users/rafaelogic/Desktop/projects/laravel/packages/codesnoutr/vendor/orchestra/testbench-core/src/Concerns/CreatesApplication.php:311
/Users/rafaelogic/Desktop/projects/laravel/packages/codesnoutr/vendor/orchestra/testbench-core/src/TestCase.php:121
/Users/rafaelogic/Desktop/projects/laravel/packages/codesnoutr/vendor/orchestra/testbench-core/src/Concerns/ApplicationTestingHooks.php:74
/Users/rafaelogic/Desktop/projects/laravel/packages/codesnoutr/vendor/orchestra/testbench-core/src/Concerns/Testing.php:43
/Users/rafaelogic/Desktop/projects/laravel/packages/codesnoutr/vendor/laravel/framework/src/Illuminate/Collections/helpers.php:236
/Users/rafaelogic/Desktop/projects/laravel/packages/codesnoutr/vendor/orchestra/sidekick/src/functions.php:87
/Users/rafaelogic/Desktop/projects/laravel/packages/codesnoutr/vendor/laravel/framework/src/Illuminate/Collections/helpers.php:236
/Users/rafaelogic/Desktop/projects/laravel/packages/codesnoutr/vendor/orchestra/testbench-core/src/Concerns/Testing.php:57
/Users/rafaelogic/Desktop/projects/laravel/packages/codesnoutr/vendor/orchestra/testbench-core/src/TestCase.php:50
/Users/rafaelogic/Desktop/projects/laravel/packages/codesnoutr/tests/TestCase.php:12
/Users/rafaelogic/Desktop/projects/laravel/packages/codesnoutr/tests/Feature/ResolveIssueRedirectTest.php:21</error>
        </testcase>
        <testcase name="it_dispatches_redirect_event_when_marking_as_ignored" file="/Users/rafaelogic/Desktop/projects/laravel/packages/codesnoutr/tests/Feature/ResolveIssueRedirectTest.php" line="79" class="Rafaelogic\CodeSnoutr\Tests\Feature\ResolveIssueRedirectTest" classname="Rafaelogic.CodeSnoutr.Tests.Feature.ResolveIssueRedirectTest" assertions="0" time="0.000000">
          <error type="Illuminate\Contracts\Container\BindingResolutionException">Rafaelogic\CodeSnoutr\Tests\Feature\ResolveIssueRedirectTest::it_dispatches_redirect_event_when_marking_as_ignored
Illuminate\Contracts\Container\BindingResolutionException: Target class [livewire] does not exist.

/Users/rafaelogic/Desktop/projects/laravel/packages/codesnoutr/vendor/laravel/framework/src/Illuminate/Container/Container.php:961
/Users/rafaelogic/Desktop/projects/laravel/packages/codesnoutr/vendor/laravel/framework/src/Illuminate/Container/Container.php:832
/Users/rafaelogic/Desktop/projects/laravel/packages/codesnoutr/vendor/laravel/framework/src/Illuminate/Foundation/Application.php:1078
/Users/rafaelogic/Desktop/projects/laravel/packages/codesnoutr/vendor/laravel/framework/src/Illuminate/Container/Container.php:763
/Users/rafaelogic/Desktop/projects/laravel/packages/codesnoutr/vendor/laravel/framework/src/Illuminate/Foundation/Application.php:1058
/Users/rafaelogic/Desktop/projects/laravel/packages/codesnoutr/vendor/laravel/framework/src/Illuminate/Container/Container.php:1580
/Users/rafaelogic/Desktop/projects/laravel/packages/codesnoutr/vendor/laravel/framework/src/Illuminate/Support/Facades/Facade.php:239
/Users/rafaelogic/Desktop/projects/laravel/packages/codesnoutr/vendor/laravel/framework/src/Illuminate/Support/Facades/Facade.php:210
/Users/rafaelogic/Desktop/projects/laravel/packages/codesnoutr/vendor/laravel/framework/src/Illuminate/Support/Facades/Facade.php:355
/Users/rafaelogic/Desktop/projects/laravel/packages/codesnoutr/src/CodeSnoutrServiceProvider.php:109
/Users/rafaelogic/Desktop/projects/laravel/packages/codesnoutr/src/CodeSnoutrServiceProvider.php:94
/Users/rafaelogic/Desktop/projects/laravel/packages/codesnoutr/vendor/laravel/framework/src/Illuminate/Container/BoundMethod.php:36
/Users/rafaelogic/Desktop/projects/laravel/packages/codesnoutr/vendor/laravel/framework/src/Illuminate/Container/Util.php:43
/Users/rafaelogic/Desktop/projects/laravel/packages/codesnoutr/vendor/laravel/framework/src/Illuminate/Container/BoundMethod.php:95
/Users/rafaelogic/Desktop/projects/laravel/packages/codesnoutr/vendor/laravel/framework/src/Illuminate/Container/BoundMethod.php:35
/Users/rafaelogic/Desktop/projects/laravel/packages/codesnoutr/vendor/laravel/framework/src/Illuminate/Container/Container.php:696
/Users/rafaelogic/Desktop/projects/laravel/packages/codesnoutr/vendor/laravel/framework/src/Illuminate/Foundation/Application.php:1151
/Users/rafaelogic/Desktop/projects/laravel/packages/codesnoutr/vendor/laravel/framework/src/Illuminate/Foundation/Application.php:1132
/Users/rafaelogic/Desktop/projects/laravel/packages/codesnoutr/vendor/laravel/framework/src/Illuminate/Foundation/Application.php:1131
/Users/rafaelogic/Desktop/projects/laravel/packages/codesnoutr/vendor/laravel/framework/src/Illuminate/Foundation/Bootstrap/BootProviders.php:17
/Users/rafaelogic/Desktop/projects/laravel/packages/codesnoutr/vendor/orchestra/testbench-core/src/Concerns/CreatesApplication.php:593
/Users/rafaelogic/Desktop/projects/laravel/packages/codesnoutr/vendor/orchestra/testbench-core/src/Concerns/CreatesApplication.php:311
/Users/rafaelogic/Desktop/projects/laravel/packages/codesnoutr/vendor/orchestra/testbench-core/src/TestCase.php:121
/Users/rafaelogic/Desktop/projects/laravel/packages/codesnoutr/vendor/orchestra/testbench-core/src/Concerns/ApplicationTestingHooks.php:74
/Users/rafaelogic/Desktop/projects/laravel/packages/codesnoutr/vendor/orchestra/testbench-core/src/Concerns/Testing.php:43
/Users/rafaelogic/Desktop/projects/laravel/packages/codesnoutr/vendor/laravel/framework/src/Illuminate/Collections/helpers.php:236
/Users/rafaelogic/Desktop/projects/laravel/packages/codesnoutr/vendor/orchestra/sidekick/src/functions.php:87
/Users/rafaelogic/Desktop/projects/laravel/packages/codesnoutr/vendor/laravel/framework/src/Illuminate/Collections/helpers.php:236
/Users/rafaelogic/Desktop/projects/laravel/packages/codesnoutr/vendor/orchestra/testbench-core/src/Concerns/Testing.php:57
/Users/rafaelogic/Desktop/projects/laravel/packages/codesnoutr/vendor/orchestra/testbench-core/src/TestCase.php:50
/Users/rafaelogic/Desktop/projects/laravel/packages/codesnoutr/tests/TestCase.php:12
/Users/rafaelogic/Desktop/projects/laravel/packages/codesnoutr/tests/Feature/ResolveIssueRedirectTest.php:21</error>
        </testcase>
        <testcase name="it_refreshes_file_group_data_after_resolving_issue" file="/Users/rafaelogic/Desktop/projects/laravel/packages/codesnoutr/tests/Feature/ResolveIssueRedirectTest.php" line="119" class="Rafaelogic\CodeSnoutr\Tests\Feature\ResolveIssueRedirectTest" classname="Rafaelogic.CodeSnoutr.Tests.Feature.ResolveIssueRedirectTest" assertions="0" time="0.000000">
          <error type="Illuminate\Contracts\Container\BindingResolutionException">Rafaelogic\CodeSnoutr\Tests\Feature\ResolveIssueRedirectTest::it_refreshes_file_group_data_after_resolving_issue
Illuminate\Contracts\Container\BindingResolutionException: Target class [livewire] does not exist.

/Users/rafaelogic/Desktop/projects/laravel/packages/codesnoutr/vendor/laravel/framework/src/Illuminate/Container/Container.php:961
/Users/rafaelogic/Desktop/projects/laravel/packages/codesnoutr/vendor/laravel/framework/src/Illuminate/Container/Container.php:832
/Users/rafaelogic/Desktop/projects/laravel/packages/codesnoutr/vendor/laravel/framework/src/Illuminate/Foundation/Application.php:1078
/Users/rafaelogic/Desktop/projects/laravel/packages/codesnoutr/vendor/laravel/framework/src/Illuminate/Container/Container.php:763
/Users/rafaelogic/Desktop/projects/laravel/packages/codesnoutr/vendor/laravel/framework/src/Illuminate/Foundation/Application.php:1058
/Users/rafaelogic/Desktop/projects/laravel/packages/codesnoutr/vendor/laravel/framework/src/Illuminate/Container/Container.php:1580
/Users/rafaelogic/Desktop/projects/laravel/packages/codesnoutr/vendor/laravel/framework/src/Illuminate/Support/Facades/Facade.php:239
/Users/rafaelogic/Desktop/projects/laravel/packages/codesnoutr/vendor/laravel/framework/src/Illuminate/Support/Facades/Facade.php:210
/Users/rafaelogic/Desktop/projects/laravel/packages/codesnoutr/vendor/laravel/framework/src/Illuminate/Support/Facades/Facade.php:355
/Users/rafaelogic/Desktop/projects/laravel/packages/codesnoutr/src/CodeSnoutrServiceProvider.php:109
/Users/rafaelogic/Desktop/projects/laravel/packages/codesnoutr/src/CodeSnoutrServiceProvider.php:94
/Users/rafaelogic/Desktop/projects/laravel/packages/codesnoutr/vendor/laravel/framework/src/Illuminate/Container/BoundMethod.php:36
/Users/rafaelogic/Desktop/projects/laravel/packages/codesnoutr/vendor/laravel/framework/src/Illuminate/Container/Util.php:43
/Users/rafaelogic/Desktop/projects/laravel/packages/codesnoutr/vendor/laravel/framework/src/Illuminate/Container/BoundMethod.php:95
/Users/rafaelogic/Desktop/projects/laravel/packages/codesnoutr/vendor/laravel/framework/src/Illuminate/Container/BoundMethod.php:35
/Users/rafaelogic/Desktop/projects/laravel/packages/codesnoutr/vendor/laravel/framework/src/Illuminate/Container/Container.php:696
/Users/rafaelogic/Desktop/projects/laravel/packages/codesnoutr/vendor/laravel/framework/src/Illuminate/Foundation/Application.php:1151
/Users/rafaelogic/Desktop/projects/laravel/packages/codesnoutr/vendor/laravel/framework/src/Illuminate/Foundation/Application.php:1132
/Users/rafaelogic/Desktop/projects/laravel/packages/codesnoutr/vendor/laravel/framework/src/Illuminate/Foundation/Application.php:1131
/Users/rafaelogic/Desktop/projects/laravel/packages/codesnoutr/vendor/laravel/framework/src/Illuminate/Foundation/Bootstrap/BootProviders.php:17
/Users/rafaelogic/Desktop/projects/laravel/packages/codesnoutr/vendor/orchestra/testbench-core/src/Concerns/CreatesApplication.php:593
/Users/rafaelogic/Desktop/projects/laravel/packages/codesnoutr/vendor/orchestra/testbench-core/src/Concerns/CreatesApplication.php:311
/Users/rafaelogic/Desktop/projects/laravel/packages/codesnoutr/vendor/orchestra/testbench-core/src/TestCase.php:121
/Users/rafaelogic/Desktop/projects/laravel/packages/codesnoutr/vendor/orchestra/testbench-core/src/Concerns/ApplicationTestingHooks.php:74
/Users/rafaelogic/Desktop/projects/laravel/packages/codesnoutr/vendor/orchestra/testbench-core/src/Concerns/Testing.php:43
/Users/rafaelogic/Desktop/projects/laravel/packages/codesnoutr/vendor/laravel/framework/src/Illuminate/Collections/helpers.php:236
/Users/rafaelogic/Desktop/projects/laravel/packages/codesnoutr/vendor/orchestra/sidekick/src/functions.php:87
/Users/rafaelogic/Desktop/projects/laravel/packages/codesnoutr/vendor/laravel/framework/src/Illuminate/Collections/helpers.php:236
/Users/rafaelogic/Desktop/projects/laravel/packages/codesnoutr/vendor/orchestra/testbench-core/src/Concerns/Testing.php:57
/Users/rafaelogic/Desktop/projects/laravel/packages/codesnoutr/vendor/orchestra/testbench-core/src/TestCase.php:50
/Users/rafaelogic/Desktop/projects/laravel/packages/codesnoutr/tests/TestCase.php:12
/Users/rafaelogic/Desktop/projects/laravel/packages/codesnoutr/tests/Feature/ResolveIssueRedirectTest.php:21</error>
        </testcase>
        <testcase name="it_dispatches_redirect_event_when_resolving_issue" file="/Users/rafaelogic/Desktop/projects/laravel/packages/codesnoutr/tests/Feature/ResolveIssueRedirectTest.php" line="50" class="Rafaelogic\CodeSnoutr\Tests\Feature\ResolveIssueRedirectTest" classname="Rafaelogic.CodeSnoutr.Tests.Feature.ResolveIssueRedirectTest" assertions="0" time="0.000000">
          <error type="Illuminate\Contracts\Container\BindingResolutionException">Rafaelogic\CodeSnoutr\Tests\Feature\ResolveIssueRedirectTest::it_dispatches_redirect_event_when_resolving_issue
Illuminate\Contracts\Container\BindingResolutionException: Target class [livewire] does not exist.

/Users/rafaelogic/Desktop/projects/laravel/packages/codesnoutr/vendor/laravel/framework/src/Illuminate/Container/Container.php:961
/Users/rafaelogic/Desktop/projects/laravel/packages/codesnoutr/vendor/laravel/framework/src/Illuminate/Container/Container.php:832
/Users/rafaelogic/Desktop/projects/laravel/packages/codesnoutr/vendor/laravel/framework/src/Illuminate/Foundation/Application.php:1078
/Users/rafaelogic/Desktop/projects/laravel/packages/codesnoutr/vendor/laravel/framework/src/Illuminate/Container/Container.php:763
/Users/rafaelogic/Desktop/projects/laravel/packages/codesnoutr/vendor/laravel/framework/src/Illuminate/Foundation/Application.php:1058
/Users/rafaelogic/Desktop/projects/laravel/packages/codesnoutr/vendor/laravel/framework/src/Illuminate/Container/Container.php:1580
/Users/rafaelogic/Desktop/projects/laravel/packages/codesnoutr/vendor/laravel/framework/src/Illuminate/Support/Facades/Facade.php:239
/Users/rafaelogic/Desktop/projects/laravel/packages/codesnoutr/vendor/laravel/framework/src/Illuminate/Support/Facades/Facade.php:210
/Users/rafaelogic/Desktop/projects/laravel/packages/codesnoutr/vendor/laravel/framework/src/Illuminate/Support/Facades/Facade.php:355
/Users/rafaelogic/Desktop/projects/laravel/packages/codesnoutr/src/CodeSnoutrServiceProvider.php:109
/Users/rafaelogic/Desktop/projects/laravel/packages/codesnoutr/src/CodeSnoutrServiceProvider.php:94
/Users/rafaelogic/Desktop/projects/laravel/packages/codesnoutr/vendor/laravel/framework/src/Illuminate/Container/BoundMethod.php:36
/Users/rafaelogic/Desktop/projects/laravel/packages/codesnoutr/vendor/laravel/framework/src/Illuminate/Container/Util.php:43
/Users/rafaelogic/Desktop/projects/laravel/packages/codesnoutr/vendor/laravel/framework/src/Illuminate/Container/BoundMethod.php:95
/Users/rafaelogic/Desktop/projects/laravel/packages/codesnoutr/vendor/laravel/framework/src/Illuminate/Container/BoundMethod.php:35
/Users/rafaelogic/Desktop/projects/laravel/packages/codesnoutr/vendor/laravel/framework/src/Illuminate/Container/Container.php:696
/Users/rafaelogic/Desktop/projects/laravel/packages/codesnoutr/vendor/laravel/framework/src/Illuminate/Foundation/Application.php:1151
/Users/rafaelogic/Desktop/projects/laravel/packages/codesnoutr/vendor/laravel/framework/src/Illuminate/Foundation/Application.php:1132
/Users/rafaelogic/Desktop/projects/laravel/packages/codesnoutr/vendor/laravel/framework/src/Illuminate/Foundation/Application.php:1131
/Users/rafaelogic/Desktop/projects/laravel/packages/codesnoutr/vendor/laravel/framework/src/Illuminate/Foundation/Bootstrap/BootProviders.php:17
/Users/rafaelogic/Desktop/projects/laravel/packages/codesnoutr/vendor/orchestra/testbench-core/src/Concerns/CreatesApplication.php:593
/Users/rafaelogic/Desktop/projects/laravel/packages/codesnoutr/vendor/orchestra/testbench-core/src/Concerns/CreatesApplication.php:311
/Users/rafaelogic/Desktop/projects/laravel/packages/codesnoutr/vendor/orchestra/testbench-core/src/TestCase.php:121
/Users/rafaelogic/Desktop/projects/laravel/packages/codesnoutr/vendor/orchestra/testbench-core/src/Concerns/ApplicationTestingHooks.php:74
/Users/rafaelogic/Desktop/projects/laravel/packages/codesnoutr/vendor/orchestra/testbench-core/src/Concerns/Testing.php:43
/Users/rafaelogic/Desktop/projects/laravel/packages/codesnoutr/vendor/laravel/framework/src/Illuminate/Collections/helpers.php:236
/Users/rafaelogic/Desktop/projects/laravel/packages/codesnoutr/vendor/orchestra/sidekick/src/functions.php:87
/Users/rafaelogic/Desktop/projects/laravel/packages/codesnoutr/vendor/laravel/framework/src/Illuminate/Collections/helpers.php:236
/Users/rafaelogic/Desktop/projects/laravel/packages/codesnoutr/vendor/orchestra/testbench-core/src/Concerns/Testing.php:57
/Users/rafaelogic/Desktop/projects/laravel/packages/codesnoutr/vendor/orchestra/testbench-core/src/TestCase.php:50
/Users/rafaelogic/Desktop/projects/laravel/packages/codesnoutr/tests/TestCase.php:12
/Users/rafaelogic/Desktop/projects/laravel/packages/codesnoutr/tests/Feature/ResolveIssueRedirectTest.php:21</error>
        </testcase>
      </testsuite>
      <testsuite name="Tests\Unit\Scanners\Rules\QualityRulesMagicNumberTest" file="/Users/rafaelogic/Desktop/projects/laravel/packages/codesnoutr/tests/Unit/Scanners/Rules/QualityRulesMagicNumberTest.php" tests="9" assertions="0" errors="9" failures="0" skipped="0" time="0.000000">
        <testcase name="it_does_not_flag_html_attributes_as_magic_numbers" file="/Users/rafaelogic/Desktop/projects/laravel/packages/codesnoutr/tests/Unit/Scanners/Rules/QualityRulesMagicNumberTest.php" line="19" class="Tests\Unit\Scanners\Rules\QualityRulesMagicNumberTest" classname="Tests.Unit.Scanners.Rules.QualityRulesMagicNumberTest" assertions="0" time="0.000000">
          <error type="Illuminate\Contracts\Container\BindingResolutionException">Tests\Unit\Scanners\Rules\QualityRulesMagicNumberTest::it_does_not_flag_html_attributes_as_magic_numbers
Illuminate\Contracts\Container\BindingResolutionException: Target class [livewire] does not exist.

/Users/rafaelogic/Desktop/projects/laravel/packages/codesnoutr/vendor/laravel/framework/src/Illuminate/Container/Container.php:961
/Users/rafaelogic/Desktop/projects/laravel/packages/codesnoutr/vendor/laravel/framework/src/Illuminate/Container/Container.php:832
/Users/rafaelogic/Desktop/projects/laravel/packages/codesnoutr/vendor/laravel/framework/src/Illuminate/Foundation/Application.php:1078
/Users/rafaelogic/Desktop/projects/laravel/packages/codesnoutr/vendor/laravel/framework/src/Illuminate/Container/Container.php:763
/Users/rafaelogic/Desktop/projects/laravel/packages/codesnoutr/vendor/laravel/framework/src/Illuminate/Foundation/Application.php:1058
/Users/rafaelogic/Desktop/projects/laravel/packages/codesnoutr/vendor/laravel/framework/src/Illuminate/Container/Container.php:1580
/Users/rafaelogic/Desktop/projects/laravel/packages/codesnoutr/vendor/laravel/framework/src/Illuminate/Support/Facades/Facade.php:239
/Users/rafaelogic/Desktop/projects/laravel/packages/codesnoutr/vendor/laravel/framework/src/Illuminate/Support/Facades/Facade.php:210
/Users/rafaelogic/Desktop/projects/laravel/packages/codesnoutr/vendor/laravel/framework/src/Illuminate/Support/Facades/Facade.php:355
/Users/rafaelogic/Desktop/projects/laravel/packages/codesnoutr/src/CodeSnoutrServiceProvider.php:109
/Users/rafaelogic/Desktop/projects/laravel/packages/codesnoutr/src/CodeSnoutrServiceProvider.php:94
/Users/rafaelogic/Desktop/projects/laravel/packages/codesnoutr/vendor/laravel/framework/src/Illuminate/Container/BoundMethod.php:36
/Users/rafaelogic/Desktop/projects/laravel/packages/codesnoutr/vendor/laravel/framework/src/Illuminate/Container/Util.php:43
/Users/rafaelogic/Desktop/projects/laravel/packages/codesnoutr/vendor/laravel/framework/src/Illuminate/Container/BoundMethod.php:95
/Users/rafaelogic/Desktop/projects/laravel/packages/codesnoutr/vendor/laravel/framework/src/Illuminate/Container/BoundMethod.php:35
/Users/rafaelogic/Desktop/projects/laravel/packages/codesnoutr/vendor/laravel/framework/src/Illuminate/Container/Container.php:696
/Users/rafaelogic/Desktop/projects/laravel/packages/codesnoutr/vendor/laravel/framework/src/Illuminate/Foundation/Application.php:1151
/Users/rafaelogic/Desktop/projects/laravel/packages/codesnoutr/vendor/laravel/framework/src/Illuminate/Foundation/Application.php:1132
/Users/rafaelogic/Desktop/projects/laravel/packages/codesnoutr/vendor/laravel/framework/src/Illuminate/Foundation/Application.php:1131
/Users/rafaelogic/Desktop/projects/laravel/packages/codesnoutr/vendor/laravel/framework/src/Illuminate/Foundation/Bootstrap/BootProviders.php:17
/Users/rafaelogic/Desktop/projects/laravel/packages/codesnoutr/vendor/orchestra/testbench-core/src/Concerns/CreatesApplication.php:593
/Users/rafaelogic/Desktop/projects/laravel/packages/codesnoutr/vendor/orchestra/testbench-core/src/Concerns/CreatesApplication.php:311
/Users/rafaelogic/Desktop/projects/laravel/packages/codesnoutr/vendor/orchestra/testbench-core/src/TestCase.php:121
/Users/rafaelogic/Desktop/projects/laravel/packages/codesnoutr/vendor/orchestra/testbench-core/src/Concerns/ApplicationTestingHooks.php:74
/Users/rafaelogic/Desktop/projects/laravel/packages/codesnoutr/vendor/orchestra/testbench-core/src/Concerns/Testing.php:43
/Users/rafaelogic/Desktop/projects/laravel/packages/codesnoutr/vendor/laravel/framework/src/Illuminate/Collections/helpers.php:236
/Users/rafaelogic/Desktop/projects/laravel/packages/codesnoutr/vendor/orchestra/sidekick/src/functions.php:87
/Users/rafaelogic/Desktop/projects/laravel/packages/codesnoutr/vendor/laravel/framework/src/Illuminate/Collections/helpers.php:236
/Users/rafaelogic/Desktop/projects/laravel/packages/codesnoutr/vendor/orchestra/testbench-core/src/Concerns/Testing.php:57
/Users/rafaelogic/Desktop/projects/laravel/packages/codesnoutr/vendor/orchestra/testbench-core/src/TestCase.php:50
/Users/rafaelogic/Desktop/projects/laravel/packages/codesnoutr/tests/TestCase.php:12
/Users/rafaelogic/Desktop/projects/laravel/packages/codesnoutr/tests/Unit/Scanners/Rules/QualityRulesMagicNumberTest.php:14</error>
        </testcase>
        <testcase name="it_does_not_flag_css_properties_as_magic_numbers" file="/Users/rafaelogic/Desktop/projects/laravel/packages/codesnoutr/tests/Unit/Scanners/Rules/QualityRulesMagicNumberTest.php" line="35" class="Tests\Unit\Scanners\Rules\QualityRulesMagicNumberTest" classname="Tests.Unit.Scanners.Rules.QualityRulesMagicNumberTest" assertions="0" time="0.000000">
          <error type="Illuminate\Contracts\Container\BindingResolutionException">Tests\Unit\Scanners\Rules\QualityRulesMagicNumberTest::it_does_not_flag_css_properties_as_magic_numbers
Illuminate\Contracts\Container\BindingResolutionException: Target class [livewire] does not exist.

/Users/rafaelogic/Desktop/projects/laravel/packages/codesnoutr/vendor/laravel/framework/src/Illuminate/Container/Container.php:961
/Users/rafaelogic/Desktop/projects/laravel/packages/codesnoutr/vendor/laravel/framework/src/Illuminate/Container/Container.php:832
/Users/rafaelogic/Desktop/projects/laravel/packages/codesnoutr/vendor/laravel/framework/src/Illuminate/Foundation/Application.php:1078
/Users/rafaelogic/Desktop/projects/laravel/packages/codesnoutr/vendor/laravel/framework/src/Illuminate/Container/Container.php:763
/Users/rafaelogic/Desktop/projects/laravel/packages/codesnoutr/vendor/laravel/framework/src/Illuminate/Foundation/Application.php:1058
/Users/rafaelogic/Desktop/projects/laravel/packages/codesnoutr/vendor/laravel/framework/src/Illuminate/Container/Container.php:1580
/Users/rafaelogic/Desktop/projects/laravel/packages/codesnoutr/vendor/laravel/framework/src/Illuminate/Support/Facades/Facade.php:239
/Users/rafaelogic/Desktop/projects/laravel/packages/codesnoutr/vendor/laravel/framework/src/Illuminate/Support/Facades/Facade.php:210
/Users/rafaelogic/Desktop/projects/laravel/packages/codesnoutr/vendor/laravel/framework/src/Illuminate/Support/Facades/Facade.php:355
/Users/rafaelogic/Desktop/projects/laravel/packages/codesnoutr/src/CodeSnoutrServiceProvider.php:109
/Users/rafaelogic/Desktop/projects/laravel/packages/codesnoutr/src/CodeSnoutrServiceProvider.php:94
/Users/rafaelogic/Desktop/projects/laravel/packages/codesnoutr/vendor/laravel/framework/src/Illuminate/Container/BoundMethod.php:36
/Users/rafaelogic/Desktop/projects/laravel/packages/codesnoutr/vendor/laravel/framework/src/Illuminate/Container/Util.php:43
/Users/rafaelogic/Desktop/projects/laravel/packages/codesnoutr/vendor/laravel/framework/src/Illuminate/Container/BoundMethod.php:95
/Users/rafaelogic/Desktop/projects/laravel/packages/codesnoutr/vendor/laravel/framework/src/Illuminate/Container/BoundMethod.php:35
/Users/rafaelogic/Desktop/projects/laravel/packages/codesnoutr/vendor/laravel/framework/src/Illuminate/Container/Container.php:696
/Users/rafaelogic/Desktop/projects/laravel/packages/codesnoutr/vendor/laravel/framework/src/Illuminate/Foundation/Application.php:1151
/Users/rafaelogic/Desktop/projects/laravel/packages/codesnoutr/vendor/laravel/framework/src/Illuminate/Foundation/Application.php:1132
/Users/rafaelogic/Desktop/projects/laravel/packages/codesnoutr/vendor/laravel/framework/src/Illuminate/Foundation/Application.php:1131
/Users/rafaelogic/Desktop/projects/laravel/packages/codesnoutr/vendor/laravel/framework/src/Illuminate/Foundation/Bootstrap/BootProviders.php:17
/Users/rafaelogic/Desktop/projects/laravel/packages/codesnoutr/vendor/orchestra/testbench-core/src/Concerns/CreatesApplication.php:593
/Users/rafaelogic/Desktop/projects/laravel/packages/codesnoutr/vendor/orchestra/testbench-core/src/Concerns/CreatesApplication.php:311
/Users/rafaelogic/Desktop/projects/laravel/packages/codesnoutr/vendor/orchestra/testbench-core/src/TestCase.php:121
/Users/rafaelogic/Desktop/projects/laravel/packages/codesnoutr/vendor/orchestra/testbench-core/src/Concerns/ApplicationTestingHooks.php:74
/Users/rafaelogic/Desktop/projects/laravel/packages/codesnoutr/vendor/orchestra/testbench-core/src/Concerns/Testing.php:43
/Users/rafaelogic/Desktop/projects/laravel/packages/codesnoutr/vendor/laravel/framework/src/Illuminate/Collections/helpers.php:236
/Users/rafaelogic/Desktop/projects/laravel/packages/codesnoutr/vendor/orchestra/sidekick/src/functions.php:87
/Users/rafaelogic/Desktop/projects/laravel/packages/codesnoutr/vendor/laravel/framework/src/Illuminate/Collections/helpers.php:236
/Users/rafaelogic/Desktop/projects/laravel/packages/codesnoutr/vendor/orchestra/testbench-core/src/Concerns/Testing.php:57
/Users/rafaelogic/Desktop/projects/laravel/packages/codesnoutr/vendor/orchestra/testbench-core/src/TestCase.php:50
/Users/rafaelogic/Desktop/projects/laravel/packages/codesnoutr/tests/TestCase.php:12
/Users/rafaelogic/Desktop/projects/laravel/packages/codesnoutr/tests/Unit/Scanners/Rules/QualityRulesMagicNumberTest.php:14</error>
        </testcase>
        <testcase name="it_does_not_flag_blade_html_context_as_magic_numbers" file="/Users/rafaelogic/Desktop/projects/laravel/packages/codesnoutr/tests/Unit/Scanners/Rules/QualityRulesMagicNumberTest.php" line="90" class="Tests\Unit\Scanners\Rules\QualityRulesMagicNumberTest" classname="Tests.Unit.Scanners.Rules.QualityRulesMagicNumberTest" assertions="0" time="0.000000">
          <error type="Illuminate\Contracts\Container\BindingResolutionException">Tests\Unit\Scanners\Rules\QualityRulesMagicNumberTest::it_does_not_flag_blade_html_context_as_magic_numbers
Illuminate\Contracts\Container\BindingResolutionException: Target class [livewire] does not exist.

/Users/rafaelogic/Desktop/projects/laravel/packages/codesnoutr/vendor/laravel/framework/src/Illuminate/Container/Container.php:961
/Users/rafaelogic/Desktop/projects/laravel/packages/codesnoutr/vendor/laravel/framework/src/Illuminate/Container/Container.php:832
/Users/rafaelogic/Desktop/projects/laravel/packages/codesnoutr/vendor/laravel/framework/src/Illuminate/Foundation/Application.php:1078
/Users/rafaelogic/Desktop/projects/laravel/packages/codesnoutr/vendor/laravel/framework/src/Illuminate/Container/Container.php:763
/Users/rafaelogic/Desktop/projects/laravel/packages/codesnoutr/vendor/laravel/framework/src/Illuminate/Foundation/Application.php:1058
/Users/rafaelogic/Desktop/projects/laravel/packages/codesnoutr/vendor/laravel/framework/src/Illuminate/Container/Container.php:1580
/Users/rafaelogic/Desktop/projects/laravel/packages/codesnoutr/vendor/laravel/framework/src/Illuminate/Support/Facades/Facade.php:239
/Users/rafaelogic/Desktop/projects/laravel/packages/codesnoutr/vendor/laravel/framework/src/Illuminate/Support/Facades/Facade.php:210
/Users/rafaelogic/Desktop/projects/laravel/packages/codesnoutr/vendor/laravel/framework/src/Illuminate/Support/Facades/Facade.php:355
/Users/rafaelogic/Desktop/projects/laravel/packages/codesnoutr/src/CodeSnoutrServiceProvider.php:109
/Users/rafaelogic/Desktop/projects/laravel/packages/codesnoutr/src/CodeSnoutrServiceProvider.php:94
/Users/rafaelogic/Desktop/projects/laravel/packages/codesnoutr/vendor/laravel/framework/src/Illuminate/Container/BoundMethod.php:36
/Users/rafaelogic/Desktop/projects/laravel/packages/codesnoutr/vendor/laravel/framework/src/Illuminate/Container/Util.php:43
/Users/rafaelogic/Desktop/projects/laravel/packages/codesnoutr/vendor/laravel/framework/src/Illuminate/Container/BoundMethod.php:95
/Users/rafaelogic/Desktop/projects/laravel/packages/codesnoutr/vendor/laravel/framework/src/Illuminate/Container/BoundMethod.php:35
/Users/rafaelogic/Desktop/projects/laravel/packages/codesnoutr/vendor/laravel/framework/src/Illuminate/Container/Container.php:696
/Users/rafaelogic/Desktop/projects/laravel/packages/codesnoutr/vendor/laravel/framework/src/Illuminate/Foundation/Application.php:1151
/Users/rafaelogic/Desktop/projects/laravel/packages/codesnoutr/vendor/laravel/framework/src/Illuminate/Foundation/Application.php:1132
/Users/rafaelogic/Desktop/projects/laravel/packages/codesnoutr/vendor/laravel/framework/src/Illuminate/Foundation/Application.php:1131
/Users/rafaelogic/Desktop/projects/laravel/packages/codesnoutr/vendor/laravel/framework/src/Illuminate/Foundation/Bootstrap/BootProviders.php:17
/Users/rafaelogic/Desktop/projects/laravel/packages/codesnoutr/vendor/orchestra/testbench-core/src/Concerns/CreatesApplication.php:593
/Users/rafaelogic/Desktop/projects/laravel/packages/codesnoutr/vendor/orchestra/testbench-core/src/Concerns/CreatesApplication.php:311
/Users/rafaelogic/Desktop/projects/laravel/packages/codesnoutr/vendor/orchestra/testbench-core/src/TestCase.php:121
/Users/rafaelogic/Desktop/projects/laravel/packages/codesnoutr/vendor/orchestra/testbench-core/src/Concerns/ApplicationTestingHooks.php:74
/Users/rafaelogic/Desktop/projects/laravel/packages/codesnoutr/vendor/orchestra/testbench-core/src/Concerns/Testing.php:43
/Users/rafaelogic/Desktop/projects/laravel/packages/codesnoutr/vendor/laravel/framework/src/Illuminate/Collections/helpers.php:236
/Users/rafaelogic/Desktop/projects/laravel/packages/codesnoutr/vendor/orchestra/sidekick/src/functions.php:87
/Users/rafaelogic/Desktop/projects/laravel/packages/codesnoutr/vendor/laravel/framework/src/Illuminate/Collections/helpers.php:236
/Users/rafaelogic/Desktop/projects/laravel/packages/codesnoutr/vendor/orchestra/testbench-core/src/Concerns/Testing.php:57
/Users/rafaelogic/Desktop/projects/laravel/packages/codesnoutr/vendor/orchestra/testbench-core/src/TestCase.php:50
/Users/rafaelogic/Desktop/projects/laravel/packages/codesnoutr/tests/TestCase.php:12
/Users/rafaelogic/Desktop/projects/laravel/packages/codesnoutr/tests/Unit/Scanners/Rules/QualityRulesMagicNumberTest.php:14</error>
        </testcase>
        <testcase name="it_does_not_flag_css_units_as_magic_numbers" file="/Users/rafaelogic/Desktop/projects/laravel/packages/codesnoutr/tests/Unit/Scanners/Rules/QualityRulesMagicNumberTest.php" line="49" class="Tests\Unit\Scanners\Rules\QualityRulesMagicNumberTest" classname="Tests.Unit.Scanners.Rules.QualityRulesMagicNumberTest" assertions="0" time="0.000000">
          <error type="Illuminate\Contracts\Container\BindingResolutionException">Tests\Unit\Scanners\Rules\QualityRulesMagicNumberTest::it_does_not_flag_css_units_as_magic_numbers
Illuminate\Contracts\Container\BindingResolutionException: Target class [livewire] does not exist.

/Users/rafaelogic/Desktop/projects/laravel/packages/codesnoutr/vendor/laravel/framework/src/Illuminate/Container/Container.php:961
/Users/rafaelogic/Desktop/projects/laravel/packages/codesnoutr/vendor/laravel/framework/src/Illuminate/Container/Container.php:832
/Users/rafaelogic/Desktop/projects/laravel/packages/codesnoutr/vendor/laravel/framework/src/Illuminate/Foundation/Application.php:1078
/Users/rafaelogic/Desktop/projects/laravel/packages/codesnoutr/vendor/laravel/framework/src/Illuminate/Container/Container.php:763
/Users/rafaelogic/Desktop/projects/laravel/packages/codesnoutr/vendor/laravel/framework/src/Illuminate/Foundation/Application.php:1058
/Users/rafaelogic/Desktop/projects/laravel/packages/codesnoutr/vendor/laravel/framework/src/Illuminate/Container/Container.php:1580
/Users/rafaelogic/Desktop/projects/laravel/packages/codesnoutr/vendor/laravel/framework/src/Illuminate/Support/Facades/Facade.php:239
/Users/rafaelogic/Desktop/projects/laravel/packages/codesnoutr/vendor/laravel/framework/src/Illuminate/Support/Facades/Facade.php:210
/Users/rafaelogic/Desktop/projects/laravel/packages/codesnoutr/vendor/laravel/framework/src/Illuminate/Support/Facades/Facade.php:355
/Users/rafaelogic/Desktop/projects/laravel/packages/codesnoutr/src/CodeSnoutrServiceProvider.php:109
/Users/rafaelogic/Desktop/projects/laravel/packages/codesnoutr/src/CodeSnoutrServiceProvider.php:94
/Users/rafaelogic/Desktop/projects/laravel/packages/codesnoutr/vendor/laravel/framework/src/Illuminate/Container/BoundMethod.php:36
/Users/rafaelogic/Desktop/projects/laravel/packages/codesnoutr/vendor/laravel/framework/src/Illuminate/Container/Util.php:43
/Users/rafaelogic/Desktop/projects/laravel/packages/codesnoutr/vendor/laravel/framework/src/Illuminate/Container/BoundMethod.php:95
/Users/rafaelogic/Desktop/projects/laravel/packages/codesnoutr/vendor/laravel/framework/src/Illuminate/Container/BoundMethod.php:35
/Users/rafaelogic/Desktop/projects/laravel/packages/codesnoutr/vendor/laravel/framework/src/Illuminate/Container/Container.php:696
/Users/rafaelogic/Desktop/projects/laravel/packages/codesnoutr/vendor/laravel/framework/src/Illuminate/Foundation/Application.php:1151
/Users/rafaelogic/Desktop/projects/laravel/packages/codesnoutr/vendor/laravel/framework/src/Illuminate/Foundation/Application.php:1132
/Users/rafaelogic/Desktop/projects/laravel/packages/codesnoutr/vendor/laravel/framework/src/Illuminate/Foundation/Application.php:1131
/Users/rafaelogic/Desktop/projects/laravel/packages/codesnoutr/vendor/laravel/framework/src/Illuminate/Foundation/Bootstrap/BootProviders.php:17
/Users/rafaelogic/Desktop/projects/laravel/packages/codesnoutr/vendor/orchestra/testbench-core/src/Concerns/CreatesApplication.php:593
/Users/rafaelogic/Desktop/projects/laravel/packages/codesnoutr/vendor/orchestra/testbench-core/src/Concerns/CreatesApplication.php:311
/Users/rafaelogic/Desktop/projects/laravel/packages/codesnoutr/vendor/orchestra/testbench-core/src/TestCase.php:121
/Users/rafaelogic/Desktop/projects/laravel/packages/codesnoutr/vendor/orchestra/testbench-core/src/Concerns/ApplicationTestingHooks.php:74
/Users/rafaelogic/Desktop/projects/laravel/packages/codesnoutr/vendor/orchestra/testbench-core/src/Concerns/Testing.php:43
/Users/rafaelogic/Desktop/projects/laravel/packages/codesnoutr/vendor/laravel/framework/src/Illuminate/Collections/helpers.php:236
/Users/rafaelogic/Desktop/projects/laravel/packages/codesnoutr/vendor/orchestra/sidekick/src/functions.php:87
/Users/rafaelogic/Desktop/projects/laravel/packages/codesnoutr/vendor/laravel/framework/src/Illuminate/Collections/helpers.php:236
/Users/rafaelogic/Desktop/projects/laravel/packages/codesnoutr/vendor/orchestra/testbench-core/src/Concerns/Testing.php:57
/Users/rafaelogic/Desktop/projects/laravel/packages/codesnoutr/vendor/orchestra/testbench-core/src/TestCase.php:50
/Users/rafaelogic/Desktop/projects/laravel/packages/codesnoutr/tests/TestCase.php:12
/Users/rafaelogic/Desktop/projects/laravel/packages/codesnoutr/tests/Unit/Scanners/Rules/QualityRulesMagicNumberTest.php:14</error>
        </testcase>
        <testcase name="it_flags_magic_numbers_in_regular_php_files" file="/Users/rafaelogic/Desktop/projects/laravel/packages/codesnoutr/tests/Unit/Scanners/Rules/QualityRulesMagicNumberTest.php" line="124" class="Tests\Unit\Scanners\Rules\QualityRulesMagicNumberTest" classname="Tests.Unit.Scanners.Rules.QualityRulesMagicNumberTest" assertions="0" time="0.000000">
          <error type="Illuminate\Contracts\Container\BindingResolutionException">Tests\Unit\Scanners\Rules\QualityRulesMagicNumberTest::it_flags_magic_numbers_in_regular_php_files
Illuminate\Contracts\Container\BindingResolutionException: Target class [livewire] does not exist.

/Users/rafaelogic/Desktop/projects/laravel/packages/codesnoutr/vendor/laravel/framework/src/Illuminate/Container/Container.php:961
/Users/rafaelogic/Desktop/projects/laravel/packages/codesnoutr/vendor/laravel/framework/src/Illuminate/Container/Container.php:832
/Users/rafaelogic/Desktop/projects/laravel/packages/codesnoutr/vendor/laravel/framework/src/Illuminate/Foundation/Application.php:1078
/Users/rafaelogic/Desktop/projects/laravel/packages/codesnoutr/vendor/laravel/framework/src/Illuminate/Container/Container.php:763
/Users/rafaelogic/Desktop/projects/laravel/packages/codesnoutr/vendor/laravel/framework/src/Illuminate/Foundation/Application.php:1058
/Users/rafaelogic/Desktop/projects/laravel/packages/codesnoutr/vendor/laravel/framework/src/Illuminate/Container/Container.php:1580
/Users/rafaelogic/Desktop/projects/laravel/packages/codesnoutr/vendor/laravel/framework/src/Illuminate/Support/Facades/Facade.php:239
/Users/rafaelogic/Desktop/projects/laravel/packages/codesnoutr/vendor/laravel/framework/src/Illuminate/Support/Facades/Facade.php:210
/Users/rafaelogic/Desktop/projects/laravel/packages/codesnoutr/vendor/laravel/framework/src/Illuminate/Support/Facades/Facade.php:355
/Users/rafaelogic/Desktop/projects/laravel/packages/codesnoutr/src/CodeSnoutrServiceProvider.php:109
/Users/rafaelogic/Desktop/projects/laravel/packages/codesnoutr/src/CodeSnoutrServiceProvider.php:94
/Users/rafaelogic/Desktop/projects/laravel/packages/codesnoutr/vendor/laravel/framework/src/Illuminate/Container/BoundMethod.php:36
/Users/rafaelogic/Desktop/projects/laravel/packages/codesnoutr/vendor/laravel/framework/src/Illuminate/Container/Util.php:43
/Users/rafaelogic/Desktop/projects/laravel/packages/codesnoutr/vendor/laravel/framework/src/Illuminate/Container/BoundMethod.php:95
/Users/rafaelogic/Desktop/projects/laravel/packages/codesnoutr/vendor/laravel/framework/src/Illuminate/Container/BoundMethod.php:35
/Users/rafaelogic/Desktop/projects/laravel/packages/codesnoutr/vendor/laravel/framework/src/Illuminate/Container/Container.php:696
/Users/rafaelogic/Desktop/projects/laravel/packages/codesnoutr/vendor/laravel/framework/src/Illuminate/Foundation/Application.php:1151
/Users/rafaelogic/Desktop/projects/laravel/packages/codesnoutr/vendor/laravel/framework/src/Illuminate/Foundation/Application.php:1132
/Users/rafaelogic/Desktop/projects/laravel/packages/codesnoutr/vendor/laravel/framework/src/Illuminate/Foundation/Application.php:1131
/Users/rafaelogic/Desktop/projects/laravel/packages/codesnoutr/vendor/laravel/framework/src/Illuminate/Foundation/Bootstrap/BootProviders.php:17
/Users/rafaelogic/Desktop/projects/laravel/packages/codesnoutr/vendor/orchestra/testbench-core/src/Concerns/CreatesApplication.php:593
/Users/rafaelogic/Desktop/projects/laravel/packages/codesnoutr/vendor/orchestra/testbench-core/src/Concerns/CreatesApplication.php:311
/Users/rafaelogic/Desktop/projects/laravel/packages/codesnoutr/vendor/orchestra/testbench-core/src/TestCase.php:121
/Users/rafaelogic/Desktop/projects/laravel/packages/codesnoutr/vendor/orchestra/testbench-core/src/Concerns/ApplicationTestingHooks.php:74
/Users/rafaelogic/Desktop/projects/laravel/packages/codesnoutr/vendor/orchestra/testbench-core/src/Concerns/Testing.php:43
/Users/rafaelogic/Desktop/projects/laravel/packages/codesnoutr/vendor/laravel/framework/src/Illuminate/Collections/helpers.php:236
/Users/rafaelogic/Desktop/projects/laravel/packages/codesnoutr/vendor/orchestra/sidekick/src/functions.php:87
/Users/rafaelogic/Desktop/projects/laravel/packages/codesnoutr/vendor/laravel/framework/src/Illuminate/Collections/helpers.php:236
/Users/rafaelogic/Desktop/projects/laravel/packages/codesnoutr/vendor/orchestra/testbench-core/src/Concerns/Testing.php:57
/Users/rafaelogic/Desktop/projects/laravel/packages/codesnoutr/vendor/orchestra/testbench-core/src/TestCase.php:50
/Users/rafaelogic/Desktop/projects/laravel/packages/codesnoutr/tests/TestCase.php:12
/Users/rafaelogic/Desktop/projects/laravel/packages/codesnoutr/tests/Unit/Scanners/Rules/QualityRulesMagicNumberTest.php:14</error>
        </testcase>
        <testcase name="it_still_flags_php_magic_numbers_in_blade_files" file="/Users/rafaelogic/Desktop/projects/laravel/packages/codesnoutr/tests/Unit/Scanners/Rules/QualityRulesMagicNumberTest.php" line="108" class="Tests\Unit\Scanners\Rules\QualityRulesMagicNumberTest" classname="Tests.Unit.Scanners.Rules.QualityRulesMagicNumberTest" assertions="0" time="0.000000">
          <error type="Illuminate\Contracts\Container\BindingResolutionException">Tests\Unit\Scanners\Rules\QualityRulesMagicNumberTest::it_still_flags_php_magic_numbers_in_blade_files
Illuminate\Contracts\Container\BindingResolutionException: Target class [livewire] does not exist.

/Users/rafaelogic/Desktop/projects/laravel/packages/codesnoutr/vendor/laravel/framework/src/Illuminate/Container/Container.php:961
/Users/rafaelogic/Desktop/projects/laravel/packages/codesnoutr/vendor/laravel/framework/src/Illuminate/Container/Container.php:832
/Users/rafaelogic/Desktop/projects/laravel/packages/codesnoutr/vendor/laravel/framework/src/Illuminate/Foundation/Application.php:1078
/Users/rafaelogic/Desktop/projects/laravel/packages/codesnoutr/vendor/laravel/framework/src/Illuminate/Container/Container.php:763
/Users/rafaelogic/Desktop/projects/laravel/packages/codesnoutr/vendor/laravel/framework/src/Illuminate/Foundation/Application.php:1058
/Users/rafaelogic/Desktop/projects/laravel/packages/codesnoutr/vendor/laravel/framework/src/Illuminate/Container/Container.php:1580
/Users/rafaelogic/Desktop/projects/laravel/packages/codesnoutr/vendor/laravel/framework/src/Illuminate/Support/Facades/Facade.php:239
/Users/rafaelogic/Desktop/projects/laravel/packages/codesnoutr/vendor/laravel/framework/src/Illuminate/Support/Facades/Facade.php:210
/Users/rafaelogic/Desktop/projects/laravel/packages/codesnoutr/vendor/laravel/framework/src/Illuminate/Support/Facades/Facade.php:355
/Users/rafaelogic/Desktop/projects/laravel/packages/codesnoutr/src/CodeSnoutrServiceProvider.php:109
/Users/rafaelogic/Desktop/projects/laravel/packages/codesnoutr/src/CodeSnoutrServiceProvider.php:94
/Users/rafaelogic/Desktop/projects/laravel/packages/codesnoutr/vendor/laravel/framework/src/Illuminate/Container/BoundMethod.php:36
/Users/rafaelogic/Desktop/projects/laravel/packages/codesnoutr/vendor/laravel/framework/src/Illuminate/Container/Util.php:43
/Users/rafaelogic/Desktop/projects/laravel/packages/codesnoutr/vendor/laravel/framework/src/Illuminate/Container/BoundMethod.php:95
/Users/rafaelogic/Desktop/projects/laravel/packages/codesnoutr/vendor/laravel/framework/src/Illuminate/Container/BoundMethod.php:35
/Users/rafaelogic/Desktop/projects/laravel/packages/codesnoutr/vendor/laravel/framework/src/Illuminate/Container/Container.php:696
/Users/rafaelogic/Desktop/projects/laravel/packages/codesnoutr/vendor/laravel/framework/src/Illuminate/Foundation/Application.php:1151
/Users/rafaelogic/Desktop/projects/laravel/packages/codesnoutr/vendor/laravel/framework/src/Illuminate/Foundation/Application.php:1132
/Users/rafaelogic/Desktop/projects/laravel/packages/codesnoutr/vendor/laravel/framework/src/Illuminate/Foundation/Application.php:1131
/Users/rafaelogic/Desktop/projects/laravel/packages/codesnoutr/vendor/laravel/framework/src/Illuminate/Foundation/Bootstrap/BootProviders.php:17
/Users/rafaelogic/Desktop/projects/laravel/packages/codesnoutr/vendor/orchestra/testbench-core/src/Concerns/CreatesApplication.php:593
/Users/rafaelogic/Desktop/projects/laravel/packages/codesnoutr/vendor/orchestra/testbench-core/src/Concerns/CreatesApplication.php:311
/Users/rafaelogic/Desktop/projects/laravel/packages/codesnoutr/vendor/orchestra/testbench-core/src/TestCase.php:121
/Users/rafaelogic/Desktop/projects/laravel/packages/codesnoutr/vendor/orchestra/testbench-core/src/Concerns/ApplicationTestingHooks.php:74
/Users/rafaelogic/Desktop/projects/laravel/packages/codesnoutr/vendor/orchestra/testbench-core/src/Concerns/Testing.php:43
/Users/rafaelogic/Desktop/projects/laravel/packages/codesnoutr/vendor/laravel/framework/src/Illuminate/Collections/helpers.php:236
/Users/rafaelogic/Desktop/projects/laravel/packages/codesnoutr/vendor/orchestra/sidekick/src/functions.php:87
/Users/rafaelogic/Desktop/projects/laravel/packages/codesnoutr/vendor/laravel/framework/src/Illuminate/Collections/helpers.php:236
/Users/rafaelogic/Desktop/projects/laravel/packages/codesnoutr/vendor/orchestra/testbench-core/src/Concerns/Testing.php:57
/Users/rafaelogic/Desktop/projects/laravel/packages/codesnoutr/vendor/orchestra/testbench-core/src/TestCase.php:50
/Users/rafaelogic/Desktop/projects/laravel/packages/codesnoutr/tests/TestCase.php:12
/Users/rafaelogic/Desktop/projects/laravel/packages/codesnoutr/tests/Unit/Scanners/Rules/QualityRulesMagicNumberTest.php:14</error>
        </testcase>
        <testcase name="it_does_not_flag_color_values_as_magic_numbers" file="/Users/rafaelogic/Desktop/projects/laravel/packages/codesnoutr/tests/Unit/Scanners/Rules/QualityRulesMagicNumberTest.php" line="62" class="Tests\Unit\Scanners\Rules\QualityRulesMagicNumberTest" classname="Tests.Unit.Scanners.Rules.QualityRulesMagicNumberTest" assertions="0" time="0.000000">
          <error type="Illuminate\Contracts\Container\BindingResolutionException">Tests\Unit\Scanners\Rules\QualityRulesMagicNumberTest::it_does_not_flag_color_values_as_magic_numbers
Illuminate\Contracts\Container\BindingResolutionException: Target class [livewire] does not exist.

/Users/rafaelogic/Desktop/projects/laravel/packages/codesnoutr/vendor/laravel/framework/src/Illuminate/Container/Container.php:961
/Users/rafaelogic/Desktop/projects/laravel/packages/codesnoutr/vendor/laravel/framework/src/Illuminate/Container/Container.php:832
/Users/rafaelogic/Desktop/projects/laravel/packages/codesnoutr/vendor/laravel/framework/src/Illuminate/Foundation/Application.php:1078
/Users/rafaelogic/Desktop/projects/laravel/packages/codesnoutr/vendor/laravel/framework/src/Illuminate/Container/Container.php:763
/Users/rafaelogic/Desktop/projects/laravel/packages/codesnoutr/vendor/laravel/framework/src/Illuminate/Foundation/Application.php:1058
/Users/rafaelogic/Desktop/projects/laravel/packages/codesnoutr/vendor/laravel/framework/src/Illuminate/Container/Container.php:1580
/Users/rafaelogic/Desktop/projects/laravel/packages/codesnoutr/vendor/laravel/framework/src/Illuminate/Support/Facades/Facade.php:239
/Users/rafaelogic/Desktop/projects/laravel/packages/codesnoutr/vendor/laravel/framework/src/Illuminate/Support/Facades/Facade.php:210
/Users/rafaelogic/Desktop/projects/laravel/packages/codesnoutr/vendor/laravel/framework/src/Illuminate/Support/Facades/Facade.php:355
/Users/rafaelogic/Desktop/projects/laravel/packages/codesnoutr/src/CodeSnoutrServiceProvider.php:109
/Users/rafaelogic/Desktop/projects/laravel/packages/codesnoutr/src/CodeSnoutrServiceProvider.php:94
/Users/rafaelogic/Desktop/projects/laravel/packages/codesnoutr/vendor/laravel/framework/src/Illuminate/Container/BoundMethod.php:36
/Users/rafaelogic/Desktop/projects/laravel/packages/codesnoutr/vendor/laravel/framework/src/Illuminate/Container/Util.php:43
/Users/rafaelogic/Desktop/projects/laravel/packages/codesnoutr/vendor/laravel/framework/src/Illuminate/Container/BoundMethod.php:95
/Users/rafaelogic/Desktop/projects/laravel/packages/codesnoutr/vendor/laravel/framework/src/Illuminate/Container/BoundMethod.php:35
/Users/rafaelogic/Desktop/projects/laravel/packages/codesnoutr/vendor/laravel/framework/src/Illuminate/Container/Container.php:696
/Users/rafaelogic/Desktop/projects/laravel/packages/codesnoutr/vendor/laravel/framework/src/Illuminate/Foundation/Application.php:1151
/Users/rafaelogic/Desktop/projects/laravel/packages/codesnoutr/vendor/laravel/framework/src/Illuminate/Foundation/Application.php:1132
/Users/rafaelogic/Desktop/projects/laravel/packages/codesnoutr/vendor/laravel/framework/src/Illuminate/Foundation/Application.php:1131
/Users/rafaelogic/Desktop/projects/laravel/packages/codesnoutr/vendor/laravel/framework/src/Illuminate/Foundation/Bootstrap/BootProviders.php:17
/Users/rafaelogic/Desktop/projects/laravel/packages/codesnoutr/vendor/orchestra/testbench-core/src/Concerns/CreatesApplication.php:593
/Users/rafaelogic/Desktop/projects/laravel/packages/codesnoutr/vendor/orchestra/testbench-core/src/Concerns/CreatesApplication.php:311
/Users/rafaelogic/Desktop/projects/laravel/packages/codesnoutr/vendor/orchestra/testbench-core/src/TestCase.php:121
/Users/rafaelogic/Desktop/projects/laravel/packages/codesnoutr/vendor/orchestra/testbench-core/src/Concerns/ApplicationTestingHooks.php:74
/Users/rafaelogic/Desktop/projects/laravel/packages/codesnoutr/vendor/orchestra/testbench-core/src/Concerns/Testing.php:43
/Users/rafaelogic/Desktop/projects/laravel/packages/codesnoutr/vendor/laravel/framework/src/Illuminate/Collections/helpers.php:236
/Users/rafaelogic/Desktop/projects/laravel/packages/codesnoutr/vendor/orchestra/sidekick/src/functions.php:87
/Users/rafaelogic/Desktop/projects/laravel/packages/codesnoutr/vendor/laravel/framework/src/Illuminate/Collections/helpers.php:236
/Users/rafaelogic/Desktop/projects/laravel/packages/codesnoutr/vendor/orchestra/testbench-core/src/Concerns/Testing.php:57
/Users/rafaelogic/Desktop/projects/laravel/packages/codesnoutr/vendor/orchestra/testbench-core/src/TestCase.php:50
/Users/rafaelogic/Desktop/projects/laravel/packages/codesnoutr/tests/TestCase.php:12
/Users/rafaelogic/Desktop/projects/laravel/packages/codesnoutr/tests/Unit/Scanners/Rules/QualityRulesMagicNumberTest.php:14</error>
        </testcase>
        <testcase name="it_does_not_flag_dates_and_timestamps_as_magic_numbers" file="/Users/rafaelogic/Desktop/projects/laravel/packages/codesnoutr/tests/Unit/Scanners/Rules/QualityRulesMagicNumberTest.php" line="75" class="Tests\Unit\Scanners\Rules\QualityRulesMagicNumberTest" classname="Tests.Unit.Scanners.Rules.QualityRulesMagicNumberTest" assertions="0" time="0.000000">
          <error type="Illuminate\Contracts\Container\BindingResolutionException">Tests\Unit\Scanners\Rules\QualityRulesMagicNumberTest::it_does_not_flag_dates_and_timestamps_as_magic_numbers
Illuminate\Contracts\Container\BindingResolutionException: Target class [livewire] does not exist.

/Users/rafaelogic/Desktop/projects/laravel/packages/codesnoutr/vendor/laravel/framework/src/Illuminate/Container/Container.php:961
/Users/rafaelogic/Desktop/projects/laravel/packages/codesnoutr/vendor/laravel/framework/src/Illuminate/Container/Container.php:832
/Users/rafaelogic/Desktop/projects/laravel/packages/codesnoutr/vendor/laravel/framework/src/Illuminate/Foundation/Application.php:1078
/Users/rafaelogic/Desktop/projects/laravel/packages/codesnoutr/vendor/laravel/framework/src/Illuminate/Container/Container.php:763
/Users/rafaelogic/Desktop/projects/laravel/packages/codesnoutr/vendor/laravel/framework/src/Illuminate/Foundation/Application.php:1058
/Users/rafaelogic/Desktop/projects/laravel/packages/codesnoutr/vendor/laravel/framework/src/Illuminate/Container/Container.php:1580
/Users/rafaelogic/Desktop/projects/laravel/packages/codesnoutr/vendor/laravel/framework/src/Illuminate/Support/Facades/Facade.php:239
/Users/rafaelogic/Desktop/projects/laravel/packages/codesnoutr/vendor/laravel/framework/src/Illuminate/Support/Facades/Facade.php:210
/Users/rafaelogic/Desktop/projects/laravel/packages/codesnoutr/vendor/laravel/framework/src/Illuminate/Support/Facades/Facade.php:355
/Users/rafaelogic/Desktop/projects/laravel/packages/codesnoutr/src/CodeSnoutrServiceProvider.php:109
/Users/rafaelogic/Desktop/projects/laravel/packages/codesnoutr/src/CodeSnoutrServiceProvider.php:94
/Users/rafaelogic/Desktop/projects/laravel/packages/codesnoutr/vendor/laravel/framework/src/Illuminate/Container/BoundMethod.php:36
/Users/rafaelogic/Desktop/projects/laravel/packages/codesnoutr/vendor/laravel/framework/src/Illuminate/Container/Util.php:43
/Users/rafaelogic/Desktop/projects/laravel/packages/codesnoutr/vendor/laravel/framework/src/Illuminate/Container/BoundMethod.php:95
/Users/rafaelogic/Desktop/projects/laravel/packages/codesnoutr/vendor/laravel/framework/src/Illuminate/Container/BoundMethod.php:35
/Users/rafaelogic/Desktop/projects/laravel/packages/codesnoutr/vendor/laravel/framework/src/Illuminate/Container/Container.php:696
/Users/rafaelogic/Desktop/projects/laravel/packages/codesnoutr/vendor/laravel/framework/src/Illuminate/Foundation/Application.php:1151
/Users/rafaelogic/Desktop/projects/laravel/packages/codesnoutr/vendor/laravel/framework/src/Illuminate/Foundation/Application.php:1132
/Users/rafaelogic/Desktop/projects/laravel/packages/codesnoutr/vendor/laravel/framework/src/Illuminate/Foundation/Application.php:1131
/Users/rafaelogic/Desktop/projects/laravel/packages/codesnoutr/vendor/laravel/framework/src/Illuminate/Foundation/Bootstrap/BootProviders.php:17
/Users/rafaelogic/Desktop/projects/laravel/packages/codesnoutr/vendor/orchestra/testbench-core/src/Concerns/CreatesApplication.php:593
/Users/rafaelogic/Desktop/projects/laravel/packages/codesnoutr/vendor/orchestra/testbench-core/src/Concerns/CreatesApplication.php:311
/Users/rafaelogic/Desktop/projects/laravel/packages/codesnoutr/vendor/orchestra/testbench-core/src/TestCase.php:121
/Users/rafaelogic/Desktop/projects/laravel/packages/codesnoutr/vendor/orchestra/testbench-core/src/Concerns/ApplicationTestingHooks.php:74
/Users/rafaelogic/Desktop/projects/laravel/packages/codesnoutr/vendor/orchestra/testbench-core/src/Concerns/Testing.php:43
/Users/rafaelogic/Desktop/projects/laravel/packages/codesnoutr/vendor/laravel/framework/src/Illuminate/Collections/helpers.php:236
/Users/rafaelogic/Desktop/projects/laravel/packages/codesnoutr/vendor/orchestra/sidekick/src/functions.php:87
/Users/rafaelogic/Desktop/projects/laravel/packages/codesnoutr/vendor/laravel/framework/src/Illuminate/Collections/helpers.php:236
/Users/rafaelogic/Desktop/projects/laravel/packages/codesnoutr/vendor/orchestra/testbench-core/src/Concerns/Testing.php:57
/Users/rafaelogic/Desktop/projects/laravel/packages/codesnoutr/vendor/orchestra/testbench-core/src/TestCase.php:50
/Users/rafaelogic/Desktop/projects/laravel/packages/codesnoutr/tests/TestCase.php:12
/Users/rafaelogic/Desktop/projects/laravel/packages/codesnoutr/tests/Unit/Scanners/Rules/QualityRulesMagicNumberTest.php:14</error>
        </testcase>
        <testcase name="it_allows_common_numbers" file="/Users/rafaelogic/Desktop/projects/laravel/packages/codesnoutr/tests/Unit/Scanners/Rules/QualityRulesMagicNumberTest.php" line="142" class="Tests\Unit\Scanners\Rules\QualityRulesMagicNumberTest" classname="Tests.Unit.Scanners.Rules.QualityRulesMagicNumberTest" assertions="0" time="0.000000">
          <error type="Illuminate\Contracts\Container\BindingResolutionException">Tests\Unit\Scanners\Rules\QualityRulesMagicNumberTest::it_allows_common_numbers
Illuminate\Contracts\Container\BindingResolutionException: Target class [livewire] does not exist.

/Users/rafaelogic/Desktop/projects/laravel/packages/codesnoutr/vendor/laravel/framework/src/Illuminate/Container/Container.php:961
/Users/rafaelogic/Desktop/projects/laravel/packages/codesnoutr/vendor/laravel/framework/src/Illuminate/Container/Container.php:832
/Users/rafaelogic/Desktop/projects/laravel/packages/codesnoutr/vendor/laravel/framework/src/Illuminate/Foundation/Application.php:1078
/Users/rafaelogic/Desktop/projects/laravel/packages/codesnoutr/vendor/laravel/framework/src/Illuminate/Container/Container.php:763
/Users/rafaelogic/Desktop/projects/laravel/packages/codesnoutr/vendor/laravel/framework/src/Illuminate/Foundation/Application.php:1058
/Users/rafaelogic/Desktop/projects/laravel/packages/codesnoutr/vendor/laravel/framework/src/Illuminate/Container/Container.php:1580
/Users/rafaelogic/Desktop/projects/laravel/packages/codesnoutr/vendor/laravel/framework/src/Illuminate/Support/Facades/Facade.php:239
/Users/rafaelogic/Desktop/projects/laravel/packages/codesnoutr/vendor/laravel/framework/src/Illuminate/Support/Facades/Facade.php:210
/Users/rafaelogic/Desktop/projects/laravel/packages/codesnoutr/vendor/laravel/framework/src/Illuminate/Support/Facades/Facade.php:355
/Users/rafaelogic/Desktop/projects/laravel/packages/codesnoutr/src/CodeSnoutrServiceProvider.php:109
/Users/rafaelogic/Desktop/projects/laravel/packages/codesnoutr/src/CodeSnoutrServiceProvider.php:94
/Users/rafaelogic/Desktop/projects/laravel/packages/codesnoutr/vendor/laravel/framework/src/Illuminate/Container/BoundMethod.php:36
/Users/rafaelogic/Desktop/projects/laravel/packages/codesnoutr/vendor/laravel/framework/src/Illuminate/Container/Util.php:43
/Users/rafaelogic/Desktop/projects/laravel/packages/codesnoutr/vendor/laravel/framework/src/Illuminate/Container/BoundMethod.php:95
/Users/rafaelogic/Desktop/projects/laravel/packages/codesnoutr/vendor/laravel/framework/src/Illuminate/Container/BoundMethod.php:35
/Users/rafaelogic/Desktop/projects/laravel/packages/codesnoutr/vendor/laravel/framework/src/Illuminate/Container/Container.php:696
/Users/rafaelogic/Desktop/projects/laravel/packages/codesnoutr/vendor/laravel/framework/src/Illuminate/Foundation/Application.php:1151
/Users/rafaelogic/Desktop/projects/laravel/packages/codesnoutr/vendor/laravel/framework/src/Illuminate/Foundation/Application.php:1132
/Users/rafaelogic/Desktop/projects/laravel/packages/codesnoutr/vendor/laravel/framework/src/Illuminate/Foundation/Application.php:1131
/Users/rafaelogic/Desktop/projects/laravel/packages/codesnoutr/vendor/laravel/framework/src/Illuminate/Foundation/Bootstrap/BootProviders.php:17
/Users/rafaelogic/Desktop/projects/laravel/packages/codesnoutr/vendor/orchestra/testbench-core/src/Concerns/CreatesApplication.php:593
/Users/rafaelogic/Desktop/projects/laravel/packages/codesnoutr/vendor/orchestra/testbench-core/src/Concerns/CreatesApplication.php:311
/Users/rafaelogic/Desktop/projects/laravel/packages/codesnoutr/vendor/orchestra/testbench-core/src/TestCase.php:121
/Users/rafaelogic/Desktop/projects/laravel/packages/codesnoutr/vendor/orchestra/testbench-core/src/Concerns/ApplicationTestingHooks.php:74
/Users/rafaelogic/Desktop/projects/laravel/packages/codesnoutr/vendor/orchestra/testbench-core/src/Concerns/Testing.php:43
/Users/rafaelogic/Desktop/projects/laravel/packages/codesnoutr/vendor/laravel/framework/src/Illuminate/Collections/helpers.php:236
/Users/rafaelogic/Desktop/projects/laravel/packages/codesnoutr/vendor/orchestra/sidekick/src/functions.php:87
/Users/rafaelogic/Desktop/projects/laravel/packages/codesnoutr/vendor/laravel/framework/src/Illuminate/Collections/helpers.php:236
/Users/rafaelogic/Desktop/projects/laravel/packages/codesnoutr/vendor/orchestra/testbench-core/src/Concerns/Testing.php:57
/Users/rafaelogic/Desktop/projects/laravel/packages/codesnoutr/vendor/orchestra/testbench-core/src/TestCase.php:50
/Users/rafaelogic/Desktop/projects/laravel/packages/codesnoutr/tests/TestCase.php:12
/Users/rafaelogic/Desktop/projects/laravel/packages/codesnoutr/tests/Unit/Scanners/Rules/QualityRulesMagicNumberTest.php:14</error>
        </testcase>
      </testsuite>
      <testsuite name="Tests\Unit\Scanners\Rules\SnakeCaseExceptionsTest" file="/Users/rafaelogic/Desktop/projects/laravel/packages/codesnoutr/tests/Unit/Scanners/Rules/SnakeCaseExceptionsTest.php" tests="8" assertions="8" errors="0" failures="1" skipped="0" time="0.004541">
        <testcase name="test_php_constant_assignment_exception" file="/Users/rafaelogic/Desktop/projects/laravel/packages/codesnoutr/tests/Unit/Scanners/Rules/SnakeCaseExceptionsTest.php" line="10" class="Tests\Unit\Scanners\Rules\SnakeCaseExceptionsTest" classname="Tests.Unit.Scanners.Rules.SnakeCaseExceptionsTest" assertions="1" time="0.001952"/>
        <testcase name="test_legitimate_snake_case_violation" file="/Users/rafaelogic/Desktop/projects/laravel/packages/codesnoutr/tests/Unit/Scanners/Rules/SnakeCaseExceptionsTest.php" line="160" class="Tests\Unit\Scanners\Rules\SnakeCaseExceptionsTest" classname="Tests.Unit.Scanners.Rules.SnakeCaseExceptionsTest" assertions="1" time="0.001362">
          <failure type="PHPUnit\Framework\ExpectationFailedException">Tests\Unit\Scanners\Rules\SnakeCaseExceptionsTest::test_legitimate_snake_case_violation
Illegitimate snake_case variables should still be flagged
Failed asserting that actual size 3 matches expected size 2.

/Users/rafaelogic/Desktop/projects/laravel/packages/codesnoutr/tests/Unit/Scanners/Rules/SnakeCaseExceptionsTest.php:179</failure>
        </testcase>
        <testcase name="test_php_function_assignment_exception" file="/Users/rafaelogic/Desktop/projects/laravel/packages/codesnoutr/tests/Unit/Scanners/Rules/SnakeCaseExceptionsTest.php" line="34" class="Tests\Unit\Scanners\Rules\SnakeCaseExceptionsTest" classname="Tests.Unit.Scanners.Rules.SnakeCaseExceptionsTest" assertions="1" time="0.000249"/>
        <testcase name="test_database_column_names_exception" file="/Users/rafaelogic/Desktop/projects/laravel/packages/codesnoutr/tests/Unit/Scanners/Rules/SnakeCaseExceptionsTest.php" line="57" class="Tests\Unit\Scanners\Rules\SnakeCaseExceptionsTest" classname="Tests.Unit.Scanners.Rules.SnakeCaseExceptionsTest" assertions="1" time="0.000159"/>
        <testcase name="test_api_response_exception" file="/Users/rafaelogic/Desktop/projects/laravel/packages/codesnoutr/tests/Unit/Scanners/Rules/SnakeCaseExceptionsTest.php" line="136" class="Tests\Unit\Scanners\Rules\SnakeCaseExceptionsTest" classname="Tests.Unit.Scanners.Rules.SnakeCaseExceptionsTest" assertions="1" time="0.000362"/>
        <testcase name="test_environment_variable_exception" file="/Users/rafaelogic/Desktop/projects/laravel/packages/codesnoutr/tests/Unit/Scanners/Rules/SnakeCaseExceptionsTest.php" line="113" class="Tests\Unit\Scanners\Rules\SnakeCaseExceptionsTest" classname="Tests.Unit.Scanners.Rules.SnakeCaseExceptionsTest" assertions="1" time="0.000125"/>
        <testcase name="test_test_file_exception" file="/Users/rafaelogic/Desktop/projects/laravel/packages/codesnoutr/tests/Unit/Scanners/Rules/SnakeCaseExceptionsTest.php" line="182" class="Tests\Unit\Scanners\Rules\SnakeCaseExceptionsTest" classname="Tests.Unit.Scanners.Rules.SnakeCaseExceptionsTest" assertions="1" time="0.000160"/>
        <testcase name="test_migration_context_exception" file="/Users/rafaelogic/Desktop/projects/laravel/packages/codesnoutr/tests/Unit/Scanners/Rules/SnakeCaseExceptionsTest.php" line="84" class="Tests\Unit\Scanners\Rules\SnakeCaseExceptionsTest" classname="Tests.Unit.Scanners.Rules.SnakeCaseExceptionsTest" assertions="1" time="0.000172"/>
      </testsuite>
      <testsuite name="Tests\Unit\Scanners\Rules\EnhancedRulesTest" file="/Users/rafaelogic/Desktop/projects/laravel/packages/codesnoutr/tests/Unit/Scanners/Rules/EnhancedRulesTest.php" tests="9" assertions="9" errors="0" failures="1" skipped="0" time="0.002469">
        <testcase name="test_interface_implementation_detection" file="/Users/rafaelogic/Desktop/projects/laravel/packages/codesnoutr/tests/Unit/Scanners/Rules/EnhancedRulesTest.php" line="92" class="Tests\Unit\Scanners\Rules\EnhancedRulesTest" classname="Tests.Unit.Scanners.Rules.EnhancedRulesTest" assertions="1" time="0.000525"/>
        <testcase name="test_missing_interface_method_detection" file="/Users/rafaelogic/Desktop/projects/laravel/packages/codesnoutr/tests/Unit/Scanners/Rules/EnhancedRulesTest.php" line="114" class="Tests\Unit\Scanners\Rules\EnhancedRulesTest" classname="Tests.Unit.Scanners.Rules.EnhancedRulesTest" assertions="1" time="0.000593"/>
        <testcase name="test_migration_file_exception" file="/Users/rafaelogic/Desktop/projects/laravel/packages/codesnoutr/tests/Unit/Scanners/Rules/EnhancedRulesTest.php" line="218" class="Tests\Unit\Scanners\Rules\EnhancedRulesTest" classname="Tests.Unit.Scanners.Rules.EnhancedRulesTest" assertions="1" time="0.000101"/>
        <testcase name="test_trait_conflict_detection" file="/Users/rafaelogic/Desktop/projects/laravel/packages/codesnoutr/tests/Unit/Scanners/Rules/EnhancedRulesTest.php" line="137" class="Tests\Unit\Scanners\Rules\EnhancedRulesTest" classname="Tests.Unit.Scanners.Rules.EnhancedRulesTest" assertions="1" time="0.000327"/>
        <testcase name="test_job_properties_exception" file="/Users/rafaelogic/Desktop/projects/laravel/packages/codesnoutr/tests/Unit/Scanners/Rules/EnhancedRulesTest.php" line="64" class="Tests\Unit\Scanners\Rules\EnhancedRulesTest" classname="Tests.Unit.Scanners.Rules.EnhancedRulesTest" assertions="1" time="0.000101"/>
        <testcase name="test_configuration_file_exception" file="/Users/rafaelogic/Desktop/projects/laravel/packages/codesnoutr/tests/Unit/Scanners/Rules/EnhancedRulesTest.php" line="193" class="Tests\Unit\Scanners\Rules\EnhancedRulesTest" classname="Tests.Unit.Scanners.Rules.EnhancedRulesTest" assertions="1" time="0.000087"/>
        <testcase name="test_legitimate_raw_sql_usage" file="/Users/rafaelogic/Desktop/projects/laravel/packages/codesnoutr/tests/Unit/Scanners/Rules/EnhancedRulesTest.php" line="162" class="Tests\Unit\Scanners\Rules\EnhancedRulesTest" classname="Tests.Unit.Scanners.Rules.EnhancedRulesTest" assertions="1" time="0.000561">
          <failure type="PHPUnit\Framework\ExpectationFailedException">Tests\Unit\Scanners\Rules\EnhancedRulesTest::test_legitimate_raw_sql_usage
Legitimate complex SQL queries should not be flagged
Failed asserting that an array is empty.

/Users/rafaelogic/Desktop/projects/laravel/packages/codesnoutr/tests/Unit/Scanners/Rules/EnhancedRulesTest.php:190</failure>
        </testcase>
        <testcase name="test_console_command_signature_exception" file="/Users/rafaelogic/Desktop/projects/laravel/packages/codesnoutr/tests/Unit/Scanners/Rules/EnhancedRulesTest.php" line="12" class="Tests\Unit\Scanners\Rules\EnhancedRulesTest" classname="Tests.Unit.Scanners.Rules.EnhancedRulesTest" assertions="1" time="0.000089"/>
        <testcase name="test_eloquent_model_properties_exception" file="/Users/rafaelogic/Desktop/projects/laravel/packages/codesnoutr/tests/Unit/Scanners/Rules/EnhancedRulesTest.php" line="37" class="Tests\Unit\Scanners\Rules\EnhancedRulesTest" classname="Tests.Unit.Scanners.Rules.EnhancedRulesTest" assertions="1" time="0.000085"/>
      </testsuite>
      <testsuite name="Tests\Unit\ScanManagerTest" file="/Users/rafaelogic/Desktop/projects/laravel/packages/codesnoutr/tests/Unit/ScanManagerTest.php" tests="5" assertions="0" errors="5" failures="0" skipped="0" time="0.000000">
        <testcase name="it_can_save_scan_results_to_database" file="/Users/rafaelogic/Desktop/projects/laravel/packages/codesnoutr/tests/Unit/ScanManagerTest.php" line="101" class="Tests\Unit\ScanManagerTest" classname="Tests.Unit.ScanManagerTest" assertions="0" time="0.000000">
          <error type="Illuminate\Contracts\Container\BindingResolutionException">Tests\Unit\ScanManagerTest::it_can_save_scan_results_to_database
Illuminate\Contracts\Container\BindingResolutionException: Target class [livewire] does not exist.

/Users/rafaelogic/Desktop/projects/laravel/packages/codesnoutr/vendor/laravel/framework/src/Illuminate/Container/Container.php:961
/Users/rafaelogic/Desktop/projects/laravel/packages/codesnoutr/vendor/laravel/framework/src/Illuminate/Container/Container.php:832
/Users/rafaelogic/Desktop/projects/laravel/packages/codesnoutr/vendor/laravel/framework/src/Illuminate/Foundation/Application.php:1078
/Users/rafaelogic/Desktop/projects/laravel/packages/codesnoutr/vendor/laravel/framework/src/Illuminate/Container/Container.php:763
/Users/rafaelogic/Desktop/projects/laravel/packages/codesnoutr/vendor/laravel/framework/src/Illuminate/Foundation/Application.php:1058
/Users/rafaelogic/Desktop/projects/laravel/packages/codesnoutr/vendor/laravel/framework/src/Illuminate/Container/Container.php:1580
/Users/rafaelogic/Desktop/projects/laravel/packages/codesnoutr/vendor/laravel/framework/src/Illuminate/Support/Facades/Facade.php:239
/Users/rafaelogic/Desktop/projects/laravel/packages/codesnoutr/vendor/laravel/framework/src/Illuminate/Support/Facades/Facade.php:210
/Users/rafaelogic/Desktop/projects/laravel/packages/codesnoutr/vendor/laravel/framework/src/Illuminate/Support/Facades/Facade.php:355
/Users/rafaelogic/Desktop/projects/laravel/packages/codesnoutr/src/CodeSnoutrServiceProvider.php:109
/Users/rafaelogic/Desktop/projects/laravel/packages/codesnoutr/src/CodeSnoutrServiceProvider.php:94
/Users/rafaelogic/Desktop/projects/laravel/packages/codesnoutr/vendor/laravel/framework/src/Illuminate/Container/BoundMethod.php:36
/Users/rafaelogic/Desktop/projects/laravel/packages/codesnoutr/vendor/laravel/framework/src/Illuminate/Container/Util.php:43
/Users/rafaelogic/Desktop/projects/laravel/packages/codesnoutr/vendor/laravel/framework/src/Illuminate/Container/BoundMethod.php:95
/Users/rafaelogic/Desktop/projects/laravel/packages/codesnoutr/vendor/laravel/framework/src/Illuminate/Container/BoundMethod.php:35
/Users/rafaelogic/Desktop/projects/laravel/packages/codesnoutr/vendor/laravel/framework/src/Illuminate/Container/Container.php:696
/Users/rafaelogic/Desktop/projects/laravel/packages/codesnoutr/vendor/laravel/framework/src/Illuminate/Foundation/Application.php:1151
/Users/rafaelogic/Desktop/projects/laravel/packages/codesnoutr/vendor/laravel/framework/src/Illuminate/Foundation/Application.php:1132
/Users/rafaelogic/Desktop/projects/laravel/packages/codesnoutr/vendor/laravel/framework/src/Illuminate/Foundation/Application.php:1131
/Users/rafaelogic/Desktop/projects/laravel/packages/codesnoutr/vendor/laravel/framework/src/Illuminate/Foundation/Bootstrap/BootProviders.php:17
/Users/rafaelogic/Desktop/projects/laravel/packages/codesnoutr/vendor/orchestra/testbench-core/src/Concerns/CreatesApplication.php:593
/Users/rafaelogic/Desktop/projects/laravel/packages/codesnoutr/vendor/orchestra/testbench-core/src/Concerns/CreatesApplication.php:311
/Users/rafaelogic/Desktop/projects/laravel/packages/codesnoutr/vendor/orchestra/testbench-core/src/TestCase.php:121
/Users/rafaelogic/Desktop/projects/laravel/packages/codesnoutr/vendor/orchestra/testbench-core/src/Concerns/ApplicationTestingHooks.php:74
/Users/rafaelogic/Desktop/projects/laravel/packages/codesnoutr/vendor/orchestra/testbench-core/src/Concerns/Testing.php:43
/Users/rafaelogic/Desktop/projects/laravel/packages/codesnoutr/vendor/laravel/framework/src/Illuminate/Collections/helpers.php:236
/Users/rafaelogic/Desktop/projects/laravel/packages/codesnoutr/vendor/orchestra/sidekick/src/functions.php:87
/Users/rafaelogic/Desktop/projects/laravel/packages/codesnoutr/vendor/laravel/framework/src/Illuminate/Collections/helpers.php:236
/Users/rafaelogic/Desktop/projects/laravel/packages/codesnoutr/vendor/orchestra/testbench-core/src/Concerns/Testing.php:57
/Users/rafaelogic/Desktop/projects/laravel/packages/codesnoutr/vendor/orchestra/testbench-core/src/TestCase.php:50
/Users/rafaelogic/Desktop/projects/laravel/packages/codesnoutr/tests/TestCase.php:12</error>
        </testcase>
        <testcase name="it_can_scan_a_file_with_security_issues" file="/Users/rafaelogic/Desktop/projects/laravel/packages/codesnoutr/tests/Unit/ScanManagerTest.php" line="20" class="Tests\Unit\ScanManagerTest" classname="Tests.Unit.ScanManagerTest" assertions="0" time="0.000000">
          <error type="Illuminate\Contracts\Container\BindingResolutionException">Tests\Unit\ScanManagerTest::it_can_scan_a_file_with_security_issues
Illuminate\Contracts\Container\BindingResolutionException: Target class [livewire] does not exist.

/Users/rafaelogic/Desktop/projects/laravel/packages/codesnoutr/vendor/laravel/framework/src/Illuminate/Container/Container.php:961
/Users/rafaelogic/Desktop/projects/laravel/packages/codesnoutr/vendor/laravel/framework/src/Illuminate/Container/Container.php:832
/Users/rafaelogic/Desktop/projects/laravel/packages/codesnoutr/vendor/laravel/framework/src/Illuminate/Foundation/Application.php:1078
/Users/rafaelogic/Desktop/projects/laravel/packages/codesnoutr/vendor/laravel/framework/src/Illuminate/Container/Container.php:763
/Users/rafaelogic/Desktop/projects/laravel/packages/codesnoutr/vendor/laravel/framework/src/Illuminate/Foundation/Application.php:1058
/Users/rafaelogic/Desktop/projects/laravel/packages/codesnoutr/vendor/laravel/framework/src/Illuminate/Container/Container.php:1580
/Users/rafaelogic/Desktop/projects/laravel/packages/codesnoutr/vendor/laravel/framework/src/Illuminate/Support/Facades/Facade.php:239
/Users/rafaelogic/Desktop/projects/laravel/packages/codesnoutr/vendor/laravel/framework/src/Illuminate/Support/Facades/Facade.php:210
/Users/rafaelogic/Desktop/projects/laravel/packages/codesnoutr/vendor/laravel/framework/src/Illuminate/Support/Facades/Facade.php:355
/Users/rafaelogic/Desktop/projects/laravel/packages/codesnoutr/src/CodeSnoutrServiceProvider.php:109
/Users/rafaelogic/Desktop/projects/laravel/packages/codesnoutr/src/CodeSnoutrServiceProvider.php:94
/Users/rafaelogic/Desktop/projects/laravel/packages/codesnoutr/vendor/laravel/framework/src/Illuminate/Container/BoundMethod.php:36
/Users/rafaelogic/Desktop/projects/laravel/packages/codesnoutr/vendor/laravel/framework/src/Illuminate/Container/Util.php:43
/Users/rafaelogic/Desktop/projects/laravel/packages/codesnoutr/vendor/laravel/framework/src/Illuminate/Container/BoundMethod.php:95
/Users/rafaelogic/Desktop/projects/laravel/packages/codesnoutr/vendor/laravel/framework/src/Illuminate/Container/BoundMethod.php:35
/Users/rafaelogic/Desktop/projects/laravel/packages/codesnoutr/vendor/laravel/framework/src/Illuminate/Container/Container.php:696
/Users/rafaelogic/Desktop/projects/laravel/packages/codesnoutr/vendor/laravel/framework/src/Illuminate/Foundation/Application.php:1151
/Users/rafaelogic/Desktop/projects/laravel/packages/codesnoutr/vendor/laravel/framework/src/Illuminate/Foundation/Application.php:1132
/Users/rafaelogic/Desktop/projects/laravel/packages/codesnoutr/vendor/laravel/framework/src/Illuminate/Foundation/Application.php:1131
/Users/rafaelogic/Desktop/projects/laravel/packages/codesnoutr/vendor/laravel/framework/src/Illuminate/Foundation/Bootstrap/BootProviders.php:17
/Users/rafaelogic/Desktop/projects/laravel/packages/codesnoutr/vendor/orchestra/testbench-core/src/Concerns/CreatesApplication.php:593
/Users/rafaelogic/Desktop/projects/laravel/packages/codesnoutr/vendor/orchestra/testbench-core/src/Concerns/CreatesApplication.php:311
/Users/rafaelogic/Desktop/projects/laravel/packages/codesnoutr/vendor/orchestra/testbench-core/src/TestCase.php:121
/Users/rafaelogic/Desktop/projects/laravel/packages/codesnoutr/vendor/orchestra/testbench-core/src/Concerns/ApplicationTestingHooks.php:74
/Users/rafaelogic/Desktop/projects/laravel/packages/codesnoutr/vendor/orchestra/testbench-core/src/Concerns/Testing.php:43
/Users/rafaelogic/Desktop/projects/laravel/packages/codesnoutr/vendor/laravel/framework/src/Illuminate/Collections/helpers.php:236
/Users/rafaelogic/Desktop/projects/laravel/packages/codesnoutr/vendor/orchestra/sidekick/src/functions.php:87
/Users/rafaelogic/Desktop/projects/laravel/packages/codesnoutr/vendor/laravel/framework/src/Illuminate/Collections/helpers.php:236
/Users/rafaelogic/Desktop/projects/laravel/packages/codesnoutr/vendor/orchestra/testbench-core/src/Concerns/Testing.php:57
/Users/rafaelogic/Desktop/projects/laravel/packages/codesnoutr/vendor/orchestra/testbench-core/src/TestCase.php:50
/Users/rafaelogic/Desktop/projects/laravel/packages/codesnoutr/tests/TestCase.php:12</error>
        </testcase>
        <testcase name="it_can_be_instantiated" file="/Users/rafaelogic/Desktop/projects/laravel/packages/codesnoutr/tests/Unit/ScanManagerTest.php" line="12" class="Tests\Unit\ScanManagerTest" classname="Tests.Unit.ScanManagerTest" assertions="0" time="0.000000">
          <error type="Illuminate\Contracts\Container\BindingResolutionException">Tests\Unit\ScanManagerTest::it_can_be_instantiated
Illuminate\Contracts\Container\BindingResolutionException: Target class [livewire] does not exist.

/Users/rafaelogic/Desktop/projects/laravel/packages/codesnoutr/vendor/laravel/framework/src/Illuminate/Container/Container.php:961
/Users/rafaelogic/Desktop/projects/laravel/packages/codesnoutr/vendor/laravel/framework/src/Illuminate/Container/Container.php:832
/Users/rafaelogic/Desktop/projects/laravel/packages/codesnoutr/vendor/laravel/framework/src/Illuminate/Foundation/Application.php:1078
/Users/rafaelogic/Desktop/projects/laravel/packages/codesnoutr/vendor/laravel/framework/src/Illuminate/Container/Container.php:763
/Users/rafaelogic/Desktop/projects/laravel/packages/codesnoutr/vendor/laravel/framework/src/Illuminate/Foundation/Application.php:1058
/Users/rafaelogic/Desktop/projects/laravel/packages/codesnoutr/vendor/laravel/framework/src/Illuminate/Container/Container.php:1580
/Users/rafaelogic/Desktop/projects/laravel/packages/codesnoutr/vendor/laravel/framework/src/Illuminate/Support/Facades/Facade.php:239
/Users/rafaelogic/Desktop/projects/laravel/packages/codesnoutr/vendor/laravel/framework/src/Illuminate/Support/Facades/Facade.php:210
/Users/rafaelogic/Desktop/projects/laravel/packages/codesnoutr/vendor/laravel/framework/src/Illuminate/Support/Facades/Facade.php:355
/Users/rafaelogic/Desktop/projects/laravel/packages/codesnoutr/src/CodeSnoutrServiceProvider.php:109
/Users/rafaelogic/Desktop/projects/laravel/packages/codesnoutr/src/CodeSnoutrServiceProvider.php:94
/Users/rafaelogic/Desktop/projects/laravel/packages/codesnoutr/vendor/laravel/framework/src/Illuminate/Container/BoundMethod.php:36
/Users/rafaelogic/Desktop/projects/laravel/packages/codesnoutr/vendor/laravel/framework/src/Illuminate/Container/Util.php:43
/Users/rafaelogic/Desktop/projects/laravel/packages/codesnoutr/vendor/laravel/framework/src/Illuminate/Container/BoundMethod.php:95
/Users/rafaelogic/Desktop/projects/laravel/packages/codesnoutr/vendor/laravel/framework/src/Illuminate/Container/BoundMethod.php:35
/Users/rafaelogic/Desktop/projects/laravel/packages/codesnoutr/vendor/laravel/framework/src/Illuminate/Container/Container.php:696
/Users/rafaelogic/Desktop/projects/laravel/packages/codesnoutr/vendor/laravel/framework/src/Illuminate/Foundation/Application.php:1151
/Users/rafaelogic/Desktop/projects/laravel/packages/codesnoutr/vendor/laravel/framework/src/Illuminate/Foundation/Application.php:1132
/Users/rafaelogic/Desktop/projects/laravel/packages/codesnoutr/vendor/laravel/framework/src/Illuminate/Foundation/Application.php:1131
/Users/rafaelogic/Desktop/projects/laravel/packages/codesnoutr/vendor/laravel/framework/src/Illuminate/Foundation/Bootstrap/BootProviders.php:17
/Users/rafaelogic/Desktop/projects/laravel/packages/codesnoutr/vendor/orchestra/testbench-core/src/Concerns/CreatesApplication.php:593
/Users/rafaelogic/Desktop/projects/laravel/packages/codesnoutr/vendor/orchestra/testbench-core/src/Concerns/CreatesApplication.php:311
/Users/rafaelogic/Desktop/projects/laravel/packages/codesnoutr/vendor/orchestra/testbench-core/src/TestCase.php:121
/Users/rafaelogic/Desktop/projects/laravel/packages/codesnoutr/vendor/orchestra/testbench-core/src/Concerns/ApplicationTestingHooks.php:74
/Users/rafaelogic/Desktop/projects/laravel/packages/codesnoutr/vendor/orchestra/testbench-core/src/Concerns/Testing.php:43
/Users/rafaelogic/Desktop/projects/laravel/packages/codesnoutr/vendor/laravel/framework/src/Illuminate/Collections/helpers.php:236
/Users/rafaelogic/Desktop/projects/laravel/packages/codesnoutr/vendor/orchestra/sidekick/src/functions.php:87
/Users/rafaelogic/Desktop/projects/laravel/packages/codesnoutr/vendor/laravel/framework/src/Illuminate/Collections/helpers.php:236
/Users/rafaelogic/Desktop/projects/laravel/packages/codesnoutr/vendor/orchestra/testbench-core/src/Concerns/Testing.php:57
/Users/rafaelogic/Desktop/projects/laravel/packages/codesnoutr/vendor/orchestra/testbench-core/src/TestCase.php:50
/Users/rafaelogic/Desktop/projects/laravel/packages/codesnoutr/tests/TestCase.php:12</error>
        </testcase>
        <testcase name="it_can_scan_a_directory" file="/Users/rafaelogic/Desktop/projects/laravel/packages/codesnoutr/tests/Unit/ScanManagerTest.php" line="53" class="Tests\Unit\ScanManagerTest" classname="Tests.Unit.ScanManagerTest" assertions="0" time="0.000000">
          <error type="Illuminate\Contracts\Container\BindingResolutionException">Tests\Unit\ScanManagerTest::it_can_scan_a_directory
Illuminate\Contracts\Container\BindingResolutionException: Target class [livewire] does not exist.

/Users/rafaelogic/Desktop/projects/laravel/packages/codesnoutr/vendor/laravel/framework/src/Illuminate/Container/Container.php:961
/Users/rafaelogic/Desktop/projects/laravel/packages/codesnoutr/vendor/laravel/framework/src/Illuminate/Container/Container.php:832
/Users/rafaelogic/Desktop/projects/laravel/packages/codesnoutr/vendor/laravel/framework/src/Illuminate/Foundation/Application.php:1078
/Users/rafaelogic/Desktop/projects/laravel/packages/codesnoutr/vendor/laravel/framework/src/Illuminate/Container/Container.php:763
/Users/rafaelogic/Desktop/projects/laravel/packages/codesnoutr/vendor/laravel/framework/src/Illuminate/Foundation/Application.php:1058
/Users/rafaelogic/Desktop/projects/laravel/packages/codesnoutr/vendor/laravel/framework/src/Illuminate/Container/Container.php:1580
/Users/rafaelogic/Desktop/projects/laravel/packages/codesnoutr/vendor/laravel/framework/src/Illuminate/Support/Facades/Facade.php:239
/Users/rafaelogic/Desktop/projects/laravel/packages/codesnoutr/vendor/laravel/framework/src/Illuminate/Support/Facades/Facade.php:210
/Users/rafaelogic/Desktop/projects/laravel/packages/codesnoutr/vendor/laravel/framework/src/Illuminate/Support/Facades/Facade.php:355
/Users/rafaelogic/Desktop/projects/laravel/packages/codesnoutr/src/CodeSnoutrServiceProvider.php:109
/Users/rafaelogic/Desktop/projects/laravel/packages/codesnoutr/src/CodeSnoutrServiceProvider.php:94
/Users/rafaelogic/Desktop/projects/laravel/packages/codesnoutr/vendor/laravel/framework/src/Illuminate/Container/BoundMethod.php:36
/Users/rafaelogic/Desktop/projects/laravel/packages/codesnoutr/vendor/laravel/framework/src/Illuminate/Container/Util.php:43
/Users/rafaelogic/Desktop/projects/laravel/packages/codesnoutr/vendor/laravel/framework/src/Illuminate/Container/BoundMethod.php:95
/Users/rafaelogic/Desktop/projects/laravel/packages/codesnoutr/vendor/laravel/framework/src/Illuminate/Container/BoundMethod.php:35
/Users/rafaelogic/Desktop/projects/laravel/packages/codesnoutr/vendor/laravel/framework/src/Illuminate/Container/Container.php:696
/Users/rafaelogic/Desktop/projects/laravel/packages/codesnoutr/vendor/laravel/framework/src/Illuminate/Foundation/Application.php:1151
/Users/rafaelogic/Desktop/projects/laravel/packages/codesnoutr/vendor/laravel/framework/src/Illuminate/Foundation/Application.php:1132
/Users/rafaelogic/Desktop/projects/laravel/packages/codesnoutr/vendor/laravel/framework/src/Illuminate/Foundation/Application.php:1131
/Users/rafaelogic/Desktop/projects/laravel/packages/codesnoutr/vendor/laravel/framework/src/Illuminate/Foundation/Bootstrap/BootProviders.php:17
/Users/rafaelogic/Desktop/projects/laravel/packages/codesnoutr/vendor/orchestra/testbench-core/src/Concerns/CreatesApplication.php:593
/Users/rafaelogic/Desktop/projects/laravel/packages/codesnoutr/vendor/orchestra/testbench-core/src/Concerns/CreatesApplication.php:311
/Users/rafaelogic/Desktop/projects/laravel/packages/codesnoutr/vendor/orchestra/testbench-core/src/TestCase.php:121
/Users/rafaelogic/Desktop/projects/laravel/packages/codesnoutr/vendor/orchestra/testbench-core/src/Concerns/ApplicationTestingHooks.php:74
/Users/rafaelogic/Desktop/projects/laravel/packages/codesnoutr/vendor/orchestra/testbench-core/src/Concerns/Testing.php:43
/Users/rafaelogic/Desktop/projects/laravel/packages/codesnoutr/vendor/laravel/framework/src/Illuminate/Collections/helpers.php:236
/Users/rafaelogic/Desktop/projects/laravel/packages/codesnoutr/vendor/orchestra/sidekick/src/functions.php:87
/Users/rafaelogic/Desktop/projects/laravel/packages/codesnoutr/vendor/laravel/framework/src/Illuminate/Collections/helpers.php:236
/Users/rafaelogic/Desktop/projects/laravel/packages/codesnoutr/vendor/orchestra/testbench-core/src/Concerns/Testing.php:57
/Users/rafaelogic/Desktop/projects/laravel/packages/codesnoutr/vendor/orchestra/testbench-core/src/TestCase.php:50
/Users/rafaelogic/Desktop/projects/laravel/packages/codesnoutr/tests/TestCase.php:12</error>
        </testcase>
        <testcase name="it_excludes_vendor_directories" file="/Users/rafaelogic/Desktop/projects/laravel/packages/codesnoutr/tests/Unit/ScanManagerTest.php" line="78" class="Tests\Unit\ScanManagerTest" classname="Tests.Unit.ScanManagerTest" assertions="0" time="0.000000">
          <error type="Illuminate\Contracts\Container\BindingResolutionException">Tests\Unit\ScanManagerTest::it_excludes_vendor_directories
Illuminate\Contracts\Container\BindingResolutionException: Target class [livewire] does not exist.

/Users/rafaelogic/Desktop/projects/laravel/packages/codesnoutr/vendor/laravel/framework/src/Illuminate/Container/Container.php:961
/Users/rafaelogic/Desktop/projects/laravel/packages/codesnoutr/vendor/laravel/framework/src/Illuminate/Container/Container.php:832
/Users/rafaelogic/Desktop/projects/laravel/packages/codesnoutr/vendor/laravel/framework/src/Illuminate/Foundation/Application.php:1078
/Users/rafaelogic/Desktop/projects/laravel/packages/codesnoutr/vendor/laravel/framework/src/Illuminate/Container/Container.php:763
/Users/rafaelogic/Desktop/projects/laravel/packages/codesnoutr/vendor/laravel/framework/src/Illuminate/Foundation/Application.php:1058
/Users/rafaelogic/Desktop/projects/laravel/packages/codesnoutr/vendor/laravel/framework/src/Illuminate/Container/Container.php:1580
/Users/rafaelogic/Desktop/projects/laravel/packages/codesnoutr/vendor/laravel/framework/src/Illuminate/Support/Facades/Facade.php:239
/Users/rafaelogic/Desktop/projects/laravel/packages/codesnoutr/vendor/laravel/framework/src/Illuminate/Support/Facades/Facade.php:210
/Users/rafaelogic/Desktop/projects/laravel/packages/codesnoutr/vendor/laravel/framework/src/Illuminate/Support/Facades/Facade.php:355
/Users/rafaelogic/Desktop/projects/laravel/packages/codesnoutr/src/CodeSnoutrServiceProvider.php:109
/Users/rafaelogic/Desktop/projects/laravel/packages/codesnoutr/src/CodeSnoutrServiceProvider.php:94
/Users/rafaelogic/Desktop/projects/laravel/packages/codesnoutr/vendor/laravel/framework/src/Illuminate/Container/BoundMethod.php:36
/Users/rafaelogic/Desktop/projects/laravel/packages/codesnoutr/vendor/laravel/framework/src/Illuminate/Container/Util.php:43
/Users/rafaelogic/Desktop/projects/laravel/packages/codesnoutr/vendor/laravel/framework/src/Illuminate/Container/BoundMethod.php:95
/Users/rafaelogic/Desktop/projects/laravel/packages/codesnoutr/vendor/laravel/framework/src/Illuminate/Container/BoundMethod.php:35
/Users/rafaelogic/Desktop/projects/laravel/packages/codesnoutr/vendor/laravel/framework/src/Illuminate/Container/Container.php:696
/Users/rafaelogic/Desktop/projects/laravel/packages/codesnoutr/vendor/laravel/framework/src/Illuminate/Foundation/Application.php:1151
/Users/rafaelogic/Desktop/projects/laravel/packages/codesnoutr/vendor/laravel/framework/src/Illuminate/Foundation/Application.php:1132
/Users/rafaelogic/Desktop/projects/laravel/packages/codesnoutr/vendor/laravel/framework/src/Illuminate/Foundation/Application.php:1131
/Users/rafaelogic/Desktop/projects/laravel/packages/codesnoutr/vendor/laravel/framework/src/Illuminate/Foundation/Bootstrap/BootProviders.php:17
/Users/rafaelogic/Desktop/projects/laravel/packages/codesnoutr/vendor/orchestra/testbench-core/src/Concerns/CreatesApplication.php:593
/Users/rafaelogic/Desktop/projects/laravel/packages/codesnoutr/vendor/orchestra/testbench-core/src/Concerns/CreatesApplication.php:311
/Users/rafaelogic/Desktop/projects/laravel/packages/codesnoutr/vendor/orchestra/testbench-core/src/TestCase.php:121
/Users/rafaelogic/Desktop/projects/laravel/packages/codesnoutr/vendor/orchestra/testbench-core/src/Concerns/ApplicationTestingHooks.php:74
/Users/rafaelogic/Desktop/projects/laravel/packages/codesnoutr/vendor/orchestra/testbench-core/src/Concerns/Testing.php:43
/Users/rafaelogic/Desktop/projects/laravel/packages/codesnoutr/vendor/laravel/framework/src/Illuminate/Collections/helpers.php:236
/Users/rafaelogic/Desktop/projects/laravel/packages/codesnoutr/vendor/orchestra/sidekick/src/functions.php:87
/Users/rafaelogic/Desktop/projects/laravel/packages/codesnoutr/vendor/laravel/framework/src/Illuminate/Collections/helpers.php:236
/Users/rafaelogic/Desktop/projects/laravel/packages/codesnoutr/vendor/orchestra/testbench-core/src/Concerns/Testing.php:57
/Users/rafaelogic/Desktop/projects/laravel/packages/codesnoutr/vendor/orchestra/testbench-core/src/TestCase.php:50
/Users/rafaelogic/Desktop/projects/laravel/packages/codesnoutr/tests/TestCase.php:12</error>
        </testcase>
      </testsuite>
      <testsuite name="Tests\Unit\Scanners\Rules\BladeRulesTest" file="/Users/rafaelogic/Desktop/projects/laravel/packages/codesnoutr/tests/Unit/Scanners/Rules/BladeRulesTest.php" tests="14" assertions="0" errors="14" failures="0" skipped="0" time="0.000000">
        <testcase name="it_detects_hardcoded_values" file="/Users/rafaelogic/Desktop/projects/laravel/packages/codesnoutr/tests/Unit/Scanners/Rules/BladeRulesTest.php" line="189" class="Tests\Unit\Scanners\Rules\BladeRulesTest" classname="Tests.Unit.Scanners.Rules.BladeRulesTest" assertions="0" time="0.000000">
          <error type="Illuminate\Contracts\Container\BindingResolutionException">Tests\Unit\Scanners\Rules\BladeRulesTest::it_detects_hardcoded_values
Illuminate\Contracts\Container\BindingResolutionException: Target class [livewire] does not exist.

/Users/rafaelogic/Desktop/projects/laravel/packages/codesnoutr/vendor/laravel/framework/src/Illuminate/Container/Container.php:961
/Users/rafaelogic/Desktop/projects/laravel/packages/codesnoutr/vendor/laravel/framework/src/Illuminate/Container/Container.php:832
/Users/rafaelogic/Desktop/projects/laravel/packages/codesnoutr/vendor/laravel/framework/src/Illuminate/Foundation/Application.php:1078
/Users/rafaelogic/Desktop/projects/laravel/packages/codesnoutr/vendor/laravel/framework/src/Illuminate/Container/Container.php:763
/Users/rafaelogic/Desktop/projects/laravel/packages/codesnoutr/vendor/laravel/framework/src/Illuminate/Foundation/Application.php:1058
/Users/rafaelogic/Desktop/projects/laravel/packages/codesnoutr/vendor/laravel/framework/src/Illuminate/Container/Container.php:1580
/Users/rafaelogic/Desktop/projects/laravel/packages/codesnoutr/vendor/laravel/framework/src/Illuminate/Support/Facades/Facade.php:239
/Users/rafaelogic/Desktop/projects/laravel/packages/codesnoutr/vendor/laravel/framework/src/Illuminate/Support/Facades/Facade.php:210
/Users/rafaelogic/Desktop/projects/laravel/packages/codesnoutr/vendor/laravel/framework/src/Illuminate/Support/Facades/Facade.php:355
/Users/rafaelogic/Desktop/projects/laravel/packages/codesnoutr/src/CodeSnoutrServiceProvider.php:109
/Users/rafaelogic/Desktop/projects/laravel/packages/codesnoutr/src/CodeSnoutrServiceProvider.php:94
/Users/rafaelogic/Desktop/projects/laravel/packages/codesnoutr/vendor/laravel/framework/src/Illuminate/Container/BoundMethod.php:36
/Users/rafaelogic/Desktop/projects/laravel/packages/codesnoutr/vendor/laravel/framework/src/Illuminate/Container/Util.php:43
/Users/rafaelogic/Desktop/projects/laravel/packages/codesnoutr/vendor/laravel/framework/src/Illuminate/Container/BoundMethod.php:95
/Users/rafaelogic/Desktop/projects/laravel/packages/codesnoutr/vendor/laravel/framework/src/Illuminate/Container/BoundMethod.php:35
/Users/rafaelogic/Desktop/projects/laravel/packages/codesnoutr/vendor/laravel/framework/src/Illuminate/Container/Container.php:696
/Users/rafaelogic/Desktop/projects/laravel/packages/codesnoutr/vendor/laravel/framework/src/Illuminate/Foundation/Application.php:1151
/Users/rafaelogic/Desktop/projects/laravel/packages/codesnoutr/vendor/laravel/framework/src/Illuminate/Foundation/Application.php:1132
/Users/rafaelogic/Desktop/projects/laravel/packages/codesnoutr/vendor/laravel/framework/src/Illuminate/Foundation/Application.php:1131
/Users/rafaelogic/Desktop/projects/laravel/packages/codesnoutr/vendor/laravel/framework/src/Illuminate/Foundation/Bootstrap/BootProviders.php:17
/Users/rafaelogic/Desktop/projects/laravel/packages/codesnoutr/vendor/orchestra/testbench-core/src/Concerns/CreatesApplication.php:593
/Users/rafaelogic/Desktop/projects/laravel/packages/codesnoutr/vendor/orchestra/testbench-core/src/Concerns/CreatesApplication.php:311
/Users/rafaelogic/Desktop/projects/laravel/packages/codesnoutr/vendor/orchestra/testbench-core/src/TestCase.php:121
/Users/rafaelogic/Desktop/projects/laravel/packages/codesnoutr/vendor/orchestra/testbench-core/src/Concerns/ApplicationTestingHooks.php:74
/Users/rafaelogic/Desktop/projects/laravel/packages/codesnoutr/vendor/orchestra/testbench-core/src/Concerns/Testing.php:43
/Users/rafaelogic/Desktop/projects/laravel/packages/codesnoutr/vendor/laravel/framework/src/Illuminate/Collections/helpers.php:236
/Users/rafaelogic/Desktop/projects/laravel/packages/codesnoutr/vendor/orchestra/sidekick/src/functions.php:87
/Users/rafaelogic/Desktop/projects/laravel/packages/codesnoutr/vendor/laravel/framework/src/Illuminate/Collections/helpers.php:236
/Users/rafaelogic/Desktop/projects/laravel/packages/codesnoutr/vendor/orchestra/testbench-core/src/Concerns/Testing.php:57
/Users/rafaelogic/Desktop/projects/laravel/packages/codesnoutr/vendor/orchestra/testbench-core/src/TestCase.php:50
/Users/rafaelogic/Desktop/projects/laravel/packages/codesnoutr/tests/TestCase.php:12
/Users/rafaelogic/Desktop/projects/laravel/packages/codesnoutr/tests/Unit/Scanners/Rules/BladeRulesTest.php:14</error>
        </testcase>
        <testcase name="it_detects_xss_vulnerabilities" file="/Users/rafaelogic/Desktop/projects/laravel/packages/codesnoutr/tests/Unit/Scanners/Rules/BladeRulesTest.php" line="19" class="Tests\Unit\Scanners\Rules\BladeRulesTest" classname="Tests.Unit.Scanners.Rules.BladeRulesTest" assertions="0" time="0.000000">
          <error type="Illuminate\Contracts\Container\BindingResolutionException">Tests\Unit\Scanners\Rules\BladeRulesTest::it_detects_xss_vulnerabilities
Illuminate\Contracts\Container\BindingResolutionException: Target class [livewire] does not exist.

/Users/rafaelogic/Desktop/projects/laravel/packages/codesnoutr/vendor/laravel/framework/src/Illuminate/Container/Container.php:961
/Users/rafaelogic/Desktop/projects/laravel/packages/codesnoutr/vendor/laravel/framework/src/Illuminate/Container/Container.php:832
/Users/rafaelogic/Desktop/projects/laravel/packages/codesnoutr/vendor/laravel/framework/src/Illuminate/Foundation/Application.php:1078
/Users/rafaelogic/Desktop/projects/laravel/packages/codesnoutr/vendor/laravel/framework/src/Illuminate/Container/Container.php:763
/Users/rafaelogic/Desktop/projects/laravel/packages/codesnoutr/vendor/laravel/framework/src/Illuminate/Foundation/Application.php:1058
/Users/rafaelogic/Desktop/projects/laravel/packages/codesnoutr/vendor/laravel/framework/src/Illuminate/Container/Container.php:1580
/Users/rafaelogic/Desktop/projects/laravel/packages/codesnoutr/vendor/laravel/framework/src/Illuminate/Support/Facades/Facade.php:239
/Users/rafaelogic/Desktop/projects/laravel/packages/codesnoutr/vendor/laravel/framework/src/Illuminate/Support/Facades/Facade.php:210
/Users/rafaelogic/Desktop/projects/laravel/packages/codesnoutr/vendor/laravel/framework/src/Illuminate/Support/Facades/Facade.php:355
/Users/rafaelogic/Desktop/projects/laravel/packages/codesnoutr/src/CodeSnoutrServiceProvider.php:109
/Users/rafaelogic/Desktop/projects/laravel/packages/codesnoutr/src/CodeSnoutrServiceProvider.php:94
/Users/rafaelogic/Desktop/projects/laravel/packages/codesnoutr/vendor/laravel/framework/src/Illuminate/Container/BoundMethod.php:36
/Users/rafaelogic/Desktop/projects/laravel/packages/codesnoutr/vendor/laravel/framework/src/Illuminate/Container/Util.php:43
/Users/rafaelogic/Desktop/projects/laravel/packages/codesnoutr/vendor/laravel/framework/src/Illuminate/Container/BoundMethod.php:95
/Users/rafaelogic/Desktop/projects/laravel/packages/codesnoutr/vendor/laravel/framework/src/Illuminate/Container/BoundMethod.php:35
/Users/rafaelogic/Desktop/projects/laravel/packages/codesnoutr/vendor/laravel/framework/src/Illuminate/Container/Container.php:696
/Users/rafaelogic/Desktop/projects/laravel/packages/codesnoutr/vendor/laravel/framework/src/Illuminate/Foundation/Application.php:1151
/Users/rafaelogic/Desktop/projects/laravel/packages/codesnoutr/vendor/laravel/framework/src/Illuminate/Foundation/Application.php:1132
/Users/rafaelogic/Desktop/projects/laravel/packages/codesnoutr/vendor/laravel/framework/src/Illuminate/Foundation/Application.php:1131
/Users/rafaelogic/Desktop/projects/laravel/packages/codesnoutr/vendor/laravel/framework/src/Illuminate/Foundation/Bootstrap/BootProviders.php:17
/Users/rafaelogic/Desktop/projects/laravel/packages/codesnoutr/vendor/orchestra/testbench-core/src/Concerns/CreatesApplication.php:593
/Users/rafaelogic/Desktop/projects/laravel/packages/codesnoutr/vendor/orchestra/testbench-core/src/Concerns/CreatesApplication.php:311
/Users/rafaelogic/Desktop/projects/laravel/packages/codesnoutr/vendor/orchestra/testbench-core/src/TestCase.php:121
/Users/rafaelogic/Desktop/projects/laravel/packages/codesnoutr/vendor/orchestra/testbench-core/src/Concerns/ApplicationTestingHooks.php:74
/Users/rafaelogic/Desktop/projects/laravel/packages/codesnoutr/vendor/orchestra/testbench-core/src/Concerns/Testing.php:43
/Users/rafaelogic/Desktop/projects/laravel/packages/codesnoutr/vendor/laravel/framework/src/Illuminate/Collections/helpers.php:236
/Users/rafaelogic/Desktop/projects/laravel/packages/codesnoutr/vendor/orchestra/sidekick/src/functions.php:87
/Users/rafaelogic/Desktop/projects/laravel/packages/codesnoutr/vendor/laravel/framework/src/Illuminate/Collections/helpers.php:236
/Users/rafaelogic/Desktop/projects/laravel/packages/codesnoutr/vendor/orchestra/testbench-core/src/Concerns/Testing.php:57
/Users/rafaelogic/Desktop/projects/laravel/packages/codesnoutr/vendor/orchestra/testbench-core/src/TestCase.php:50
/Users/rafaelogic/Desktop/projects/laravel/packages/codesnoutr/tests/TestCase.php:12
/Users/rafaelogic/Desktop/projects/laravel/packages/codesnoutr/tests/Unit/Scanners/Rules/BladeRulesTest.php:14</error>
        </testcase>
        <testcase name="it_only_analyzes_blade_files" file="/Users/rafaelogic/Desktop/projects/laravel/packages/codesnoutr/tests/Unit/Scanners/Rules/BladeRulesTest.php" line="233" class="Tests\Unit\Scanners\Rules\BladeRulesTest" classname="Tests.Unit.Scanners.Rules.BladeRulesTest" assertions="0" time="0.000000">
          <error type="Illuminate\Contracts\Container\BindingResolutionException">Tests\Unit\Scanners\Rules\BladeRulesTest::it_only_analyzes_blade_files
Illuminate\Contracts\Container\BindingResolutionException: Target class [livewire] does not exist.

/Users/rafaelogic/Desktop/projects/laravel/packages/codesnoutr/vendor/laravel/framework/src/Illuminate/Container/Container.php:961
/Users/rafaelogic/Desktop/projects/laravel/packages/codesnoutr/vendor/laravel/framework/src/Illuminate/Container/Container.php:832
/Users/rafaelogic/Desktop/projects/laravel/packages/codesnoutr/vendor/laravel/framework/src/Illuminate/Foundation/Application.php:1078
/Users/rafaelogic/Desktop/projects/laravel/packages/codesnoutr/vendor/laravel/framework/src/Illuminate/Container/Container.php:763
/Users/rafaelogic/Desktop/projects/laravel/packages/codesnoutr/vendor/laravel/framework/src/Illuminate/Foundation/Application.php:1058
/Users/rafaelogic/Desktop/projects/laravel/packages/codesnoutr/vendor/laravel/framework/src/Illuminate/Container/Container.php:1580
/Users/rafaelogic/Desktop/projects/laravel/packages/codesnoutr/vendor/laravel/framework/src/Illuminate/Support/Facades/Facade.php:239
/Users/rafaelogic/Desktop/projects/laravel/packages/codesnoutr/vendor/laravel/framework/src/Illuminate/Support/Facades/Facade.php:210
/Users/rafaelogic/Desktop/projects/laravel/packages/codesnoutr/vendor/laravel/framework/src/Illuminate/Support/Facades/Facade.php:355
/Users/rafaelogic/Desktop/projects/laravel/packages/codesnoutr/src/CodeSnoutrServiceProvider.php:109
/Users/rafaelogic/Desktop/projects/laravel/packages/codesnoutr/src/CodeSnoutrServiceProvider.php:94
/Users/rafaelogic/Desktop/projects/laravel/packages/codesnoutr/vendor/laravel/framework/src/Illuminate/Container/BoundMethod.php:36
/Users/rafaelogic/Desktop/projects/laravel/packages/codesnoutr/vendor/laravel/framework/src/Illuminate/Container/Util.php:43
/Users/rafaelogic/Desktop/projects/laravel/packages/codesnoutr/vendor/laravel/framework/src/Illuminate/Container/BoundMethod.php:95
/Users/rafaelogic/Desktop/projects/laravel/packages/codesnoutr/vendor/laravel/framework/src/Illuminate/Container/BoundMethod.php:35
/Users/rafaelogic/Desktop/projects/laravel/packages/codesnoutr/vendor/laravel/framework/src/Illuminate/Container/Container.php:696
/Users/rafaelogic/Desktop/projects/laravel/packages/codesnoutr/vendor/laravel/framework/src/Illuminate/Foundation/Application.php:1151
/Users/rafaelogic/Desktop/projects/laravel/packages/codesnoutr/vendor/laravel/framework/src/Illuminate/Foundation/Application.php:1132
/Users/rafaelogic/Desktop/projects/laravel/packages/codesnoutr/vendor/laravel/framework/src/Illuminate/Foundation/Application.php:1131
/Users/rafaelogic/Desktop/projects/laravel/packages/codesnoutr/vendor/laravel/framework/src/Illuminate/Foundation/Bootstrap/BootProviders.php:17
/Users/rafaelogic/Desktop/projects/laravel/packages/codesnoutr/vendor/orchestra/testbench-core/src/Concerns/CreatesApplication.php:593
/Users/rafaelogic/Desktop/projects/laravel/packages/codesnoutr/vendor/orchestra/testbench-core/src/Concerns/CreatesApplication.php:311
/Users/rafaelogic/Desktop/projects/laravel/packages/codesnoutr/vendor/orchestra/testbench-core/src/TestCase.php:121
/Users/rafaelogic/Desktop/projects/laravel/packages/codesnoutr/vendor/orchestra/testbench-core/src/Concerns/ApplicationTestingHooks.php:74
/Users/rafaelogic/Desktop/projects/laravel/packages/codesnoutr/vendor/orchestra/testbench-core/src/Concerns/Testing.php:43
/Users/rafaelogic/Desktop/projects/laravel/packages/codesnoutr/vendor/laravel/framework/src/Illuminate/Collections/helpers.php:236
/Users/rafaelogic/Desktop/projects/laravel/packages/codesnoutr/vendor/orchestra/sidekick/src/functions.php:87
/Users/rafaelogic/Desktop/projects/laravel/packages/codesnoutr/vendor/laravel/framework/src/Illuminate/Collections/helpers.php:236
/Users/rafaelogic/Desktop/projects/laravel/packages/codesnoutr/vendor/orchestra/testbench-core/src/Concerns/Testing.php:57
/Users/rafaelogic/Desktop/projects/laravel/packages/codesnoutr/vendor/orchestra/testbench-core/src/TestCase.php:50
/Users/rafaelogic/Desktop/projects/laravel/packages/codesnoutr/tests/TestCase.php:12
/Users/rafaelogic/Desktop/projects/laravel/packages/codesnoutr/tests/Unit/Scanners/Rules/BladeRulesTest.php:14</error>
        </testcase>
        <testcase name="it_detects_php_in_templates" file="/Users/rafaelogic/Desktop/projects/laravel/packages/codesnoutr/tests/Unit/Scanners/Rules/BladeRulesTest.php" line="151" class="Tests\Unit\Scanners\Rules\BladeRulesTest" classname="Tests.Unit.Scanners.Rules.BladeRulesTest" assertions="0" time="0.000000">
          <error type="Illuminate\Contracts\Container\BindingResolutionException">Tests\Unit\Scanners\Rules\BladeRulesTest::it_detects_php_in_templates
Illuminate\Contracts\Container\BindingResolutionException: Target class [livewire] does not exist.

/Users/rafaelogic/Desktop/projects/laravel/packages/codesnoutr/vendor/laravel/framework/src/Illuminate/Container/Container.php:961
/Users/rafaelogic/Desktop/projects/laravel/packages/codesnoutr/vendor/laravel/framework/src/Illuminate/Container/Container.php:832
/Users/rafaelogic/Desktop/projects/laravel/packages/codesnoutr/vendor/laravel/framework/src/Illuminate/Foundation/Application.php:1078
/Users/rafaelogic/Desktop/projects/laravel/packages/codesnoutr/vendor/laravel/framework/src/Illuminate/Container/Container.php:763
/Users/rafaelogic/Desktop/projects/laravel/packages/codesnoutr/vendor/laravel/framework/src/Illuminate/Foundation/Application.php:1058
/Users/rafaelogic/Desktop/projects/laravel/packages/codesnoutr/vendor/laravel/framework/src/Illuminate/Container/Container.php:1580
/Users/rafaelogic/Desktop/projects/laravel/packages/codesnoutr/vendor/laravel/framework/src/Illuminate/Support/Facades/Facade.php:239
/Users/rafaelogic/Desktop/projects/laravel/packages/codesnoutr/vendor/laravel/framework/src/Illuminate/Support/Facades/Facade.php:210
/Users/rafaelogic/Desktop/projects/laravel/packages/codesnoutr/vendor/laravel/framework/src/Illuminate/Support/Facades/Facade.php:355
/Users/rafaelogic/Desktop/projects/laravel/packages/codesnoutr/src/CodeSnoutrServiceProvider.php:109
/Users/rafaelogic/Desktop/projects/laravel/packages/codesnoutr/src/CodeSnoutrServiceProvider.php:94
/Users/rafaelogic/Desktop/projects/laravel/packages/codesnoutr/vendor/laravel/framework/src/Illuminate/Container/BoundMethod.php:36
/Users/rafaelogic/Desktop/projects/laravel/packages/codesnoutr/vendor/laravel/framework/src/Illuminate/Container/Util.php:43
/Users/rafaelogic/Desktop/projects/laravel/packages/codesnoutr/vendor/laravel/framework/src/Illuminate/Container/BoundMethod.php:95
/Users/rafaelogic/Desktop/projects/laravel/packages/codesnoutr/vendor/laravel/framework/src/Illuminate/Container/BoundMethod.php:35
/Users/rafaelogic/Desktop/projects/laravel/packages/codesnoutr/vendor/laravel/framework/src/Illuminate/Container/Container.php:696
/Users/rafaelogic/Desktop/projects/laravel/packages/codesnoutr/vendor/laravel/framework/src/Illuminate/Foundation/Application.php:1151
/Users/rafaelogic/Desktop/projects/laravel/packages/codesnoutr/vendor/laravel/framework/src/Illuminate/Foundation/Application.php:1132
/Users/rafaelogic/Desktop/projects/laravel/packages/codesnoutr/vendor/laravel/framework/src/Illuminate/Foundation/Application.php:1131
/Users/rafaelogic/Desktop/projects/laravel/packages/codesnoutr/vendor/laravel/framework/src/Illuminate/Foundation/Bootstrap/BootProviders.php:17
/Users/rafaelogic/Desktop/projects/laravel/packages/codesnoutr/vendor/orchestra/testbench-core/src/Concerns/CreatesApplication.php:593
/Users/rafaelogic/Desktop/projects/laravel/packages/codesnoutr/vendor/orchestra/testbench-core/src/Concerns/CreatesApplication.php:311
/Users/rafaelogic/Desktop/projects/laravel/packages/codesnoutr/vendor/orchestra/testbench-core/src/TestCase.php:121
/Users/rafaelogic/Desktop/projects/laravel/packages/codesnoutr/vendor/orchestra/testbench-core/src/Concerns/ApplicationTestingHooks.php:74
/Users/rafaelogic/Desktop/projects/laravel/packages/codesnoutr/vendor/orchestra/testbench-core/src/Concerns/Testing.php:43
/Users/rafaelogic/Desktop/projects/laravel/packages/codesnoutr/vendor/laravel/framework/src/Illuminate/Collections/helpers.php:236
/Users/rafaelogic/Desktop/projects/laravel/packages/codesnoutr/vendor/orchestra/sidekick/src/functions.php:87
/Users/rafaelogic/Desktop/projects/laravel/packages/codesnoutr/vendor/laravel/framework/src/Illuminate/Collections/helpers.php:236
/Users/rafaelogic/Desktop/projects/laravel/packages/codesnoutr/vendor/orchestra/testbench-core/src/Concerns/Testing.php:57
/Users/rafaelogic/Desktop/projects/laravel/packages/codesnoutr/vendor/orchestra/testbench-core/src/TestCase.php:50
/Users/rafaelogic/Desktop/projects/laravel/packages/codesnoutr/tests/TestCase.php:12
/Users/rafaelogic/Desktop/projects/laravel/packages/codesnoutr/tests/Unit/Scanners/Rules/BladeRulesTest.php:14</error>
        </testcase>
        <testcase name="it_allows_safe_unescaped_variables" file="/Users/rafaelogic/Desktop/projects/laravel/packages/codesnoutr/tests/Unit/Scanners/Rules/BladeRulesTest.php" line="34" class="Tests\Unit\Scanners\Rules\BladeRulesTest" classname="Tests.Unit.Scanners.Rules.BladeRulesTest" assertions="0" time="0.000000">
          <error type="Illuminate\Contracts\Container\BindingResolutionException">Tests\Unit\Scanners\Rules\BladeRulesTest::it_allows_safe_unescaped_variables
Illuminate\Contracts\Container\BindingResolutionException: Target class [livewire] does not exist.

/Users/rafaelogic/Desktop/projects/laravel/packages/codesnoutr/vendor/laravel/framework/src/Illuminate/Container/Container.php:961
/Users/rafaelogic/Desktop/projects/laravel/packages/codesnoutr/vendor/laravel/framework/src/Illuminate/Container/Container.php:832
/Users/rafaelogic/Desktop/projects/laravel/packages/codesnoutr/vendor/laravel/framework/src/Illuminate/Foundation/Application.php:1078
/Users/rafaelogic/Desktop/projects/laravel/packages/codesnoutr/vendor/laravel/framework/src/Illuminate/Container/Container.php:763
/Users/rafaelogic/Desktop/projects/laravel/packages/codesnoutr/vendor/laravel/framework/src/Illuminate/Foundation/Application.php:1058
/Users/rafaelogic/Desktop/projects/laravel/packages/codesnoutr/vendor/laravel/framework/src/Illuminate/Container/Container.php:1580
/Users/rafaelogic/Desktop/projects/laravel/packages/codesnoutr/vendor/laravel/framework/src/Illuminate/Support/Facades/Facade.php:239
/Users/rafaelogic/Desktop/projects/laravel/packages/codesnoutr/vendor/laravel/framework/src/Illuminate/Support/Facades/Facade.php:210
/Users/rafaelogic/Desktop/projects/laravel/packages/codesnoutr/vendor/laravel/framework/src/Illuminate/Support/Facades/Facade.php:355
/Users/rafaelogic/Desktop/projects/laravel/packages/codesnoutr/src/CodeSnoutrServiceProvider.php:109
/Users/rafaelogic/Desktop/projects/laravel/packages/codesnoutr/src/CodeSnoutrServiceProvider.php:94
/Users/rafaelogic/Desktop/projects/laravel/packages/codesnoutr/vendor/laravel/framework/src/Illuminate/Container/BoundMethod.php:36
/Users/rafaelogic/Desktop/projects/laravel/packages/codesnoutr/vendor/laravel/framework/src/Illuminate/Container/Util.php:43
/Users/rafaelogic/Desktop/projects/laravel/packages/codesnoutr/vendor/laravel/framework/src/Illuminate/Container/BoundMethod.php:95
/Users/rafaelogic/Desktop/projects/laravel/packages/codesnoutr/vendor/laravel/framework/src/Illuminate/Container/BoundMethod.php:35
/Users/rafaelogic/Desktop/projects/laravel/packages/codesnoutr/vendor/laravel/framework/src/Illuminate/Container/Container.php:696
/Users/rafaelogic/Desktop/projects/laravel/packages/codesnoutr/vendor/laravel/framework/src/Illuminate/Foundation/Application.php:1151
/Users/rafaelogic/Desktop/projects/laravel/packages/codesnoutr/vendor/laravel/framework/src/Illuminate/Foundation/Application.php:1132
/Users/rafaelogic/Desktop/projects/laravel/packages/codesnoutr/vendor/laravel/framework/src/Illuminate/Foundation/Application.php:1131
/Users/rafaelogic/Desktop/projects/laravel/packages/codesnoutr/vendor/laravel/framework/src/Illuminate/Foundation/Bootstrap/BootProviders.php:17
/Users/rafaelogic/Desktop/projects/laravel/packages/codesnoutr/vendor/orchestra/testbench-core/src/Concerns/CreatesApplication.php:593
/Users/rafaelogic/Desktop/projects/laravel/packages/codesnoutr/vendor/orchestra/testbench-core/src/Concerns/CreatesApplication.php:311
/Users/rafaelogic/Desktop/projects/laravel/packages/codesnoutr/vendor/orchestra/testbench-core/src/TestCase.php:121
/Users/rafaelogic/Desktop/projects/laravel/packages/codesnoutr/vendor/orchestra/testbench-core/src/Concerns/ApplicationTestingHooks.php:74
/Users/rafaelogic/Desktop/projects/laravel/packages/codesnoutr/vendor/orchestra/testbench-core/src/Concerns/Testing.php:43
/Users/rafaelogic/Desktop/projects/laravel/packages/codesnoutr/vendor/laravel/framework/src/Illuminate/Collections/helpers.php:236
/Users/rafaelogic/Desktop/projects/laravel/packages/codesnoutr/vendor/orchestra/sidekick/src/functions.php:87
/Users/rafaelogic/Desktop/projects/laravel/packages/codesnoutr/vendor/laravel/framework/src/Illuminate/Collections/helpers.php:236
/Users/rafaelogic/Desktop/projects/laravel/packages/codesnoutr/vendor/orchestra/testbench-core/src/Concerns/Testing.php:57
/Users/rafaelogic/Desktop/projects/laravel/packages/codesnoutr/vendor/orchestra/testbench-core/src/TestCase.php:50
/Users/rafaelogic/Desktop/projects/laravel/packages/codesnoutr/tests/TestCase.php:12
/Users/rafaelogic/Desktop/projects/laravel/packages/codesnoutr/tests/Unit/Scanners/Rules/BladeRulesTest.php:14</error>
        </testcase>
        <testcase name="it_provides_helpful_suggestions" file="/Users/rafaelogic/Desktop/projects/laravel/packages/codesnoutr/tests/Unit/Scanners/Rules/BladeRulesTest.php" line="243" class="Tests\Unit\Scanners\Rules\BladeRulesTest" classname="Tests.Unit.Scanners.Rules.BladeRulesTest" assertions="0" time="0.000000">
          <error type="Illuminate\Contracts\Container\BindingResolutionException">Tests\Unit\Scanners\Rules\BladeRulesTest::it_provides_helpful_suggestions
Illuminate\Contracts\Container\BindingResolutionException: Target class [livewire] does not exist.

/Users/rafaelogic/Desktop/projects/laravel/packages/codesnoutr/vendor/laravel/framework/src/Illuminate/Container/Container.php:961
/Users/rafaelogic/Desktop/projects/laravel/packages/codesnoutr/vendor/laravel/framework/src/Illuminate/Container/Container.php:832
/Users/rafaelogic/Desktop/projects/laravel/packages/codesnoutr/vendor/laravel/framework/src/Illuminate/Foundation/Application.php:1078
/Users/rafaelogic/Desktop/projects/laravel/packages/codesnoutr/vendor/laravel/framework/src/Illuminate/Container/Container.php:763
/Users/rafaelogic/Desktop/projects/laravel/packages/codesnoutr/vendor/laravel/framework/src/Illuminate/Foundation/Application.php:1058
/Users/rafaelogic/Desktop/projects/laravel/packages/codesnoutr/vendor/laravel/framework/src/Illuminate/Container/Container.php:1580
/Users/rafaelogic/Desktop/projects/laravel/packages/codesnoutr/vendor/laravel/framework/src/Illuminate/Support/Facades/Facade.php:239
/Users/rafaelogic/Desktop/projects/laravel/packages/codesnoutr/vendor/laravel/framework/src/Illuminate/Support/Facades/Facade.php:210
/Users/rafaelogic/Desktop/projects/laravel/packages/codesnoutr/vendor/laravel/framework/src/Illuminate/Support/Facades/Facade.php:355
/Users/rafaelogic/Desktop/projects/laravel/packages/codesnoutr/src/CodeSnoutrServiceProvider.php:109
/Users/rafaelogic/Desktop/projects/laravel/packages/codesnoutr/src/CodeSnoutrServiceProvider.php:94
/Users/rafaelogic/Desktop/projects/laravel/packages/codesnoutr/vendor/laravel/framework/src/Illuminate/Container/BoundMethod.php:36
/Users/rafaelogic/Desktop/projects/laravel/packages/codesnoutr/vendor/laravel/framework/src/Illuminate/Container/Util.php:43
/Users/rafaelogic/Desktop/projects/laravel/packages/codesnoutr/vendor/laravel/framework/src/Illuminate/Container/BoundMethod.php:95
/Users/rafaelogic/Desktop/projects/laravel/packages/codesnoutr/vendor/laravel/framework/src/Illuminate/Container/BoundMethod.php:35
/Users/rafaelogic/Desktop/projects/laravel/packages/codesnoutr/vendor/laravel/framework/src/Illuminate/Container/Container.php:696
/Users/rafaelogic/Desktop/projects/laravel/packages/codesnoutr/vendor/laravel/framework/src/Illuminate/Foundation/Application.php:1151
/Users/rafaelogic/Desktop/projects/laravel/packages/codesnoutr/vendor/laravel/framework/src/Illuminate/Foundation/Application.php:1132
/Users/rafaelogic/Desktop/projects/laravel/packages/codesnoutr/vendor/laravel/framework/src/Illuminate/Foundation/Application.php:1131
/Users/rafaelogic/Desktop/projects/laravel/packages/codesnoutr/vendor/laravel/framework/src/Illuminate/Foundation/Bootstrap/BootProviders.php:17
/Users/rafaelogic/Desktop/projects/laravel/packages/codesnoutr/vendor/orchestra/testbench-core/src/Concerns/CreatesApplication.php:593
/Users/rafaelogic/Desktop/projects/laravel/packages/codesnoutr/vendor/orchestra/testbench-core/src/Concerns/CreatesApplication.php:311
/Users/rafaelogic/Desktop/projects/laravel/packages/codesnoutr/vendor/orchestra/testbench-core/src/TestCase.php:121
/Users/rafaelogic/Desktop/projects/laravel/packages/codesnoutr/vendor/orchestra/testbench-core/src/Concerns/ApplicationTestingHooks.php:74
/Users/rafaelogic/Desktop/projects/laravel/packages/codesnoutr/vendor/orchestra/testbench-core/src/Concerns/Testing.php:43
/Users/rafaelogic/Desktop/projects/laravel/packages/codesnoutr/vendor/laravel/framework/src/Illuminate/Collections/helpers.php:236
/Users/rafaelogic/Desktop/projects/laravel/packages/codesnoutr/vendor/orchestra/sidekick/src/functions.php:87
/Users/rafaelogic/Desktop/projects/laravel/packages/codesnoutr/vendor/laravel/framework/src/Illuminate/Collections/helpers.php:236
/Users/rafaelogic/Desktop/projects/laravel/packages/codesnoutr/vendor/orchestra/testbench-core/src/Concerns/Testing.php:57
/Users/rafaelogic/Desktop/projects/laravel/packages/codesnoutr/vendor/orchestra/testbench-core/src/TestCase.php:50
/Users/rafaelogic/Desktop/projects/laravel/packages/codesnoutr/tests/TestCase.php:12
/Users/rafaelogic/Desktop/projects/laravel/packages/codesnoutr/tests/Unit/Scanners/Rules/BladeRulesTest.php:14</error>
        </testcase>
        <testcase name="it_detects_potential_n1_queries" file="/Users/rafaelogic/Desktop/projects/laravel/packages/codesnoutr/tests/Unit/Scanners/Rules/BladeRulesTest.php" line="83" class="Tests\Unit\Scanners\Rules\BladeRulesTest" classname="Tests.Unit.Scanners.Rules.BladeRulesTest" assertions="0" time="0.000000">
          <error type="Illuminate\Contracts\Container\BindingResolutionException">Tests\Unit\Scanners\Rules\BladeRulesTest::it_detects_potential_n1_queries
Illuminate\Contracts\Container\BindingResolutionException: Target class [livewire] does not exist.

/Users/rafaelogic/Desktop/projects/laravel/packages/codesnoutr/vendor/laravel/framework/src/Illuminate/Container/Container.php:961
/Users/rafaelogic/Desktop/projects/laravel/packages/codesnoutr/vendor/laravel/framework/src/Illuminate/Container/Container.php:832
/Users/rafaelogic/Desktop/projects/laravel/packages/codesnoutr/vendor/laravel/framework/src/Illuminate/Foundation/Application.php:1078
/Users/rafaelogic/Desktop/projects/laravel/packages/codesnoutr/vendor/laravel/framework/src/Illuminate/Container/Container.php:763
/Users/rafaelogic/Desktop/projects/laravel/packages/codesnoutr/vendor/laravel/framework/src/Illuminate/Foundation/Application.php:1058
/Users/rafaelogic/Desktop/projects/laravel/packages/codesnoutr/vendor/laravel/framework/src/Illuminate/Container/Container.php:1580
/Users/rafaelogic/Desktop/projects/laravel/packages/codesnoutr/vendor/laravel/framework/src/Illuminate/Support/Facades/Facade.php:239
/Users/rafaelogic/Desktop/projects/laravel/packages/codesnoutr/vendor/laravel/framework/src/Illuminate/Support/Facades/Facade.php:210
/Users/rafaelogic/Desktop/projects/laravel/packages/codesnoutr/vendor/laravel/framework/src/Illuminate/Support/Facades/Facade.php:355
/Users/rafaelogic/Desktop/projects/laravel/packages/codesnoutr/src/CodeSnoutrServiceProvider.php:109
/Users/rafaelogic/Desktop/projects/laravel/packages/codesnoutr/src/CodeSnoutrServiceProvider.php:94
/Users/rafaelogic/Desktop/projects/laravel/packages/codesnoutr/vendor/laravel/framework/src/Illuminate/Container/BoundMethod.php:36
/Users/rafaelogic/Desktop/projects/laravel/packages/codesnoutr/vendor/laravel/framework/src/Illuminate/Container/Util.php:43
/Users/rafaelogic/Desktop/projects/laravel/packages/codesnoutr/vendor/laravel/framework/src/Illuminate/Container/BoundMethod.php:95
/Users/rafaelogic/Desktop/projects/laravel/packages/codesnoutr/vendor/laravel/framework/src/Illuminate/Container/BoundMethod.php:35
/Users/rafaelogic/Desktop/projects/laravel/packages/codesnoutr/vendor/laravel/framework/src/Illuminate/Container/Container.php:696
/Users/rafaelogic/Desktop/projects/laravel/packages/codesnoutr/vendor/laravel/framework/src/Illuminate/Foundation/Application.php:1151
/Users/rafaelogic/Desktop/projects/laravel/packages/codesnoutr/vendor/laravel/framework/src/Illuminate/Foundation/Application.php:1132
/Users/rafaelogic/Desktop/projects/laravel/packages/codesnoutr/vendor/laravel/framework/src/Illuminate/Foundation/Application.php:1131
/Users/rafaelogic/Desktop/projects/laravel/packages/codesnoutr/vendor/laravel/framework/src/Illuminate/Foundation/Bootstrap/BootProviders.php:17
/Users/rafaelogic/Desktop/projects/laravel/packages/codesnoutr/vendor/orchestra/testbench-core/src/Concerns/CreatesApplication.php:593
/Users/rafaelogic/Desktop/projects/laravel/packages/codesnoutr/vendor/orchestra/testbench-core/src/Concerns/CreatesApplication.php:311
/Users/rafaelogic/Desktop/projects/laravel/packages/codesnoutr/vendor/orchestra/testbench-core/src/TestCase.php:121
/Users/rafaelogic/Desktop/projects/laravel/packages/codesnoutr/vendor/orchestra/testbench-core/src/Concerns/ApplicationTestingHooks.php:74
/Users/rafaelogic/Desktop/projects/laravel/packages/codesnoutr/vendor/orchestra/testbench-core/src/Concerns/Testing.php:43
/Users/rafaelogic/Desktop/projects/laravel/packages/codesnoutr/vendor/laravel/framework/src/Illuminate/Collections/helpers.php:236
/Users/rafaelogic/Desktop/projects/laravel/packages/codesnoutr/vendor/orchestra/sidekick/src/functions.php:87
/Users/rafaelogic/Desktop/projects/laravel/packages/codesnoutr/vendor/laravel/framework/src/Illuminate/Collections/helpers.php:236
/Users/rafaelogic/Desktop/projects/laravel/packages/codesnoutr/vendor/orchestra/testbench-core/src/Concerns/Testing.php:57
/Users/rafaelogic/Desktop/projects/laravel/packages/codesnoutr/vendor/orchestra/testbench-core/src/TestCase.php:50
/Users/rafaelogic/Desktop/projects/laravel/packages/codesnoutr/tests/TestCase.php:12
/Users/rafaelogic/Desktop/projects/laravel/packages/codesnoutr/tests/Unit/Scanners/Rules/BladeRulesTest.php:14</error>
        </testcase>
        <testcase name="it_detects_inline_styles" file="/Users/rafaelogic/Desktop/projects/laravel/packages/codesnoutr/tests/Unit/Scanners/Rules/BladeRulesTest.php" line="98" class="Tests\Unit\Scanners\Rules\BladeRulesTest" classname="Tests.Unit.Scanners.Rules.BladeRulesTest" assertions="0" time="0.000000">
          <error type="Illuminate\Contracts\Container\BindingResolutionException">Tests\Unit\Scanners\Rules\BladeRulesTest::it_detects_inline_styles
Illuminate\Contracts\Container\BindingResolutionException: Target class [livewire] does not exist.

/Users/rafaelogic/Desktop/projects/laravel/packages/codesnoutr/vendor/laravel/framework/src/Illuminate/Container/Container.php:961
/Users/rafaelogic/Desktop/projects/laravel/packages/codesnoutr/vendor/laravel/framework/src/Illuminate/Container/Container.php:832
/Users/rafaelogic/Desktop/projects/laravel/packages/codesnoutr/vendor/laravel/framework/src/Illuminate/Foundation/Application.php:1078
/Users/rafaelogic/Desktop/projects/laravel/packages/codesnoutr/vendor/laravel/framework/src/Illuminate/Container/Container.php:763
/Users/rafaelogic/Desktop/projects/laravel/packages/codesnoutr/vendor/laravel/framework/src/Illuminate/Foundation/Application.php:1058
/Users/rafaelogic/Desktop/projects/laravel/packages/codesnoutr/vendor/laravel/framework/src/Illuminate/Container/Container.php:1580
/Users/rafaelogic/Desktop/projects/laravel/packages/codesnoutr/vendor/laravel/framework/src/Illuminate/Support/Facades/Facade.php:239
/Users/rafaelogic/Desktop/projects/laravel/packages/codesnoutr/vendor/laravel/framework/src/Illuminate/Support/Facades/Facade.php:210
/Users/rafaelogic/Desktop/projects/laravel/packages/codesnoutr/vendor/laravel/framework/src/Illuminate/Support/Facades/Facade.php:355
/Users/rafaelogic/Desktop/projects/laravel/packages/codesnoutr/src/CodeSnoutrServiceProvider.php:109
/Users/rafaelogic/Desktop/projects/laravel/packages/codesnoutr/src/CodeSnoutrServiceProvider.php:94
/Users/rafaelogic/Desktop/projects/laravel/packages/codesnoutr/vendor/laravel/framework/src/Illuminate/Container/BoundMethod.php:36
/Users/rafaelogic/Desktop/projects/laravel/packages/codesnoutr/vendor/laravel/framework/src/Illuminate/Container/Util.php:43
/Users/rafaelogic/Desktop/projects/laravel/packages/codesnoutr/vendor/laravel/framework/src/Illuminate/Container/BoundMethod.php:95
/Users/rafaelogic/Desktop/projects/laravel/packages/codesnoutr/vendor/laravel/framework/src/Illuminate/Container/BoundMethod.php:35
/Users/rafaelogic/Desktop/projects/laravel/packages/codesnoutr/vendor/laravel/framework/src/Illuminate/Container/Container.php:696
/Users/rafaelogic/Desktop/projects/laravel/packages/codesnoutr/vendor/laravel/framework/src/Illuminate/Foundation/Application.php:1151
/Users/rafaelogic/Desktop/projects/laravel/packages/codesnoutr/vendor/laravel/framework/src/Illuminate/Foundation/Application.php:1132
/Users/rafaelogic/Desktop/projects/laravel/packages/codesnoutr/vendor/laravel/framework/src/Illuminate/Foundation/Application.php:1131
/Users/rafaelogic/Desktop/projects/laravel/packages/codesnoutr/vendor/laravel/framework/src/Illuminate/Foundation/Bootstrap/BootProviders.php:17
/Users/rafaelogic/Desktop/projects/laravel/packages/codesnoutr/vendor/orchestra/testbench-core/src/Concerns/CreatesApplication.php:593
/Users/rafaelogic/Desktop/projects/laravel/packages/codesnoutr/vendor/orchestra/testbench-core/src/Concerns/CreatesApplication.php:311
/Users/rafaelogic/Desktop/projects/laravel/packages/codesnoutr/vendor/orchestra/testbench-core/src/TestCase.php:121
/Users/rafaelogic/Desktop/projects/laravel/packages/codesnoutr/vendor/orchestra/testbench-core/src/Concerns/ApplicationTestingHooks.php:74
/Users/rafaelogic/Desktop/projects/laravel/packages/codesnoutr/vendor/orchestra/testbench-core/src/Concerns/Testing.php:43
/Users/rafaelogic/Desktop/projects/laravel/packages/codesnoutr/vendor/laravel/framework/src/Illuminate/Collections/helpers.php:236
/Users/rafaelogic/Desktop/projects/laravel/packages/codesnoutr/vendor/orchestra/sidekick/src/functions.php:87
/Users/rafaelogic/Desktop/projects/laravel/packages/codesnoutr/vendor/laravel/framework/src/Illuminate/Collections/helpers.php:236
/Users/rafaelogic/Desktop/projects/laravel/packages/codesnoutr/vendor/orchestra/testbench-core/src/Concerns/Testing.php:57
/Users/rafaelogic/Desktop/projects/laravel/packages/codesnoutr/vendor/orchestra/testbench-core/src/TestCase.php:50
/Users/rafaelogic/Desktop/projects/laravel/packages/codesnoutr/tests/TestCase.php:12
/Users/rafaelogic/Desktop/projects/laravel/packages/codesnoutr/tests/Unit/Scanners/Rules/BladeRulesTest.php:14</error>
        </testcase>
        <testcase name="it_detects_accessibility_issues" file="/Users/rafaelogic/Desktop/projects/laravel/packages/codesnoutr/tests/Unit/Scanners/Rules/BladeRulesTest.php" line="173" class="Tests\Unit\Scanners\Rules\BladeRulesTest" classname="Tests.Unit.Scanners.Rules.BladeRulesTest" assertions="0" time="0.000000">
          <error type="Illuminate\Contracts\Container\BindingResolutionException">Tests\Unit\Scanners\Rules\BladeRulesTest::it_detects_accessibility_issues
Illuminate\Contracts\Container\BindingResolutionException: Target class [livewire] does not exist.

/Users/rafaelogic/Desktop/projects/laravel/packages/codesnoutr/vendor/laravel/framework/src/Illuminate/Container/Container.php:961
/Users/rafaelogic/Desktop/projects/laravel/packages/codesnoutr/vendor/laravel/framework/src/Illuminate/Container/Container.php:832
/Users/rafaelogic/Desktop/projects/laravel/packages/codesnoutr/vendor/laravel/framework/src/Illuminate/Foundation/Application.php:1078
/Users/rafaelogic/Desktop/projects/laravel/packages/codesnoutr/vendor/laravel/framework/src/Illuminate/Container/Container.php:763
/Users/rafaelogic/Desktop/projects/laravel/packages/codesnoutr/vendor/laravel/framework/src/Illuminate/Foundation/Application.php:1058
/Users/rafaelogic/Desktop/projects/laravel/packages/codesnoutr/vendor/laravel/framework/src/Illuminate/Container/Container.php:1580
/Users/rafaelogic/Desktop/projects/laravel/packages/codesnoutr/vendor/laravel/framework/src/Illuminate/Support/Facades/Facade.php:239
/Users/rafaelogic/Desktop/projects/laravel/packages/codesnoutr/vendor/laravel/framework/src/Illuminate/Support/Facades/Facade.php:210
/Users/rafaelogic/Desktop/projects/laravel/packages/codesnoutr/vendor/laravel/framework/src/Illuminate/Support/Facades/Facade.php:355
/Users/rafaelogic/Desktop/projects/laravel/packages/codesnoutr/src/CodeSnoutrServiceProvider.php:109
/Users/rafaelogic/Desktop/projects/laravel/packages/codesnoutr/src/CodeSnoutrServiceProvider.php:94
/Users/rafaelogic/Desktop/projects/laravel/packages/codesnoutr/vendor/laravel/framework/src/Illuminate/Container/BoundMethod.php:36
/Users/rafaelogic/Desktop/projects/laravel/packages/codesnoutr/vendor/laravel/framework/src/Illuminate/Container/Util.php:43
/Users/rafaelogic/Desktop/projects/laravel/packages/codesnoutr/vendor/laravel/framework/src/Illuminate/Container/BoundMethod.php:95
/Users/rafaelogic/Desktop/projects/laravel/packages/codesnoutr/vendor/laravel/framework/src/Illuminate/Container/BoundMethod.php:35
/Users/rafaelogic/Desktop/projects/laravel/packages/codesnoutr/vendor/laravel/framework/src/Illuminate/Container/Container.php:696
/Users/rafaelogic/Desktop/projects/laravel/packages/codesnoutr/vendor/laravel/framework/src/Illuminate/Foundation/Application.php:1151
/Users/rafaelogic/Desktop/projects/laravel/packages/codesnoutr/vendor/laravel/framework/src/Illuminate/Foundation/Application.php:1132
/Users/rafaelogic/Desktop/projects/laravel/packages/codesnoutr/vendor/laravel/framework/src/Illuminate/Foundation/Application.php:1131
/Users/rafaelogic/Desktop/projects/laravel/packages/codesnoutr/vendor/laravel/framework/src/Illuminate/Foundation/Bootstrap/BootProviders.php:17
/Users/rafaelogic/Desktop/projects/laravel/packages/codesnoutr/vendor/orchestra/testbench-core/src/Concerns/CreatesApplication.php:593
/Users/rafaelogic/Desktop/projects/laravel/packages/codesnoutr/vendor/orchestra/testbench-core/src/Concerns/CreatesApplication.php:311
/Users/rafaelogic/Desktop/projects/laravel/packages/codesnoutr/vendor/orchestra/testbench-core/src/TestCase.php:121
/Users/rafaelogic/Desktop/projects/laravel/packages/codesnoutr/vendor/orchestra/testbench-core/src/Concerns/ApplicationTestingHooks.php:74
/Users/rafaelogic/Desktop/projects/laravel/packages/codesnoutr/vendor/orchestra/testbench-core/src/Concerns/Testing.php:43
/Users/rafaelogic/Desktop/projects/laravel/packages/codesnoutr/vendor/laravel/framework/src/Illuminate/Collections/helpers.php:236
/Users/rafaelogic/Desktop/projects/laravel/packages/codesnoutr/vendor/orchestra/sidekick/src/functions.php:87
/Users/rafaelogic/Desktop/projects/laravel/packages/codesnoutr/vendor/laravel/framework/src/Illuminate/Collections/helpers.php:236
/Users/rafaelogic/Desktop/projects/laravel/packages/codesnoutr/vendor/orchestra/testbench-core/src/Concerns/Testing.php:57
/Users/rafaelogic/Desktop/projects/laravel/packages/codesnoutr/vendor/orchestra/testbench-core/src/TestCase.php:50
/Users/rafaelogic/Desktop/projects/laravel/packages/codesnoutr/tests/TestCase.php:12
/Users/rafaelogic/Desktop/projects/laravel/packages/codesnoutr/tests/Unit/Scanners/Rules/BladeRulesTest.php:14</error>
        </testcase>
        <testcase name="it_detects_missing_csrf_protection" file="/Users/rafaelogic/Desktop/projects/laravel/packages/codesnoutr/tests/Unit/Scanners/Rules/BladeRulesTest.php" line="50" class="Tests\Unit\Scanners\Rules\BladeRulesTest" classname="Tests.Unit.Scanners.Rules.BladeRulesTest" assertions="0" time="0.000000">
          <error type="Illuminate\Contracts\Container\BindingResolutionException">Tests\Unit\Scanners\Rules\BladeRulesTest::it_detects_missing_csrf_protection
Illuminate\Contracts\Container\BindingResolutionException: Target class [livewire] does not exist.

/Users/rafaelogic/Desktop/projects/laravel/packages/codesnoutr/vendor/laravel/framework/src/Illuminate/Container/Container.php:961
/Users/rafaelogic/Desktop/projects/laravel/packages/codesnoutr/vendor/laravel/framework/src/Illuminate/Container/Container.php:832
/Users/rafaelogic/Desktop/projects/laravel/packages/codesnoutr/vendor/laravel/framework/src/Illuminate/Foundation/Application.php:1078
/Users/rafaelogic/Desktop/projects/laravel/packages/codesnoutr/vendor/laravel/framework/src/Illuminate/Container/Container.php:763
/Users/rafaelogic/Desktop/projects/laravel/packages/codesnoutr/vendor/laravel/framework/src/Illuminate/Foundation/Application.php:1058
/Users/rafaelogic/Desktop/projects/laravel/packages/codesnoutr/vendor/laravel/framework/src/Illuminate/Container/Container.php:1580
/Users/rafaelogic/Desktop/projects/laravel/packages/codesnoutr/vendor/laravel/framework/src/Illuminate/Support/Facades/Facade.php:239
/Users/rafaelogic/Desktop/projects/laravel/packages/codesnoutr/vendor/laravel/framework/src/Illuminate/Support/Facades/Facade.php:210
/Users/rafaelogic/Desktop/projects/laravel/packages/codesnoutr/vendor/laravel/framework/src/Illuminate/Support/Facades/Facade.php:355
/Users/rafaelogic/Desktop/projects/laravel/packages/codesnoutr/src/CodeSnoutrServiceProvider.php:109
/Users/rafaelogic/Desktop/projects/laravel/packages/codesnoutr/src/CodeSnoutrServiceProvider.php:94
/Users/rafaelogic/Desktop/projects/laravel/packages/codesnoutr/vendor/laravel/framework/src/Illuminate/Container/BoundMethod.php:36
/Users/rafaelogic/Desktop/projects/laravel/packages/codesnoutr/vendor/laravel/framework/src/Illuminate/Container/Util.php:43
/Users/rafaelogic/Desktop/projects/laravel/packages/codesnoutr/vendor/laravel/framework/src/Illuminate/Container/BoundMethod.php:95
/Users/rafaelogic/Desktop/projects/laravel/packages/codesnoutr/vendor/laravel/framework/src/Illuminate/Container/BoundMethod.php:35
/Users/rafaelogic/Desktop/projects/laravel/packages/codesnoutr/vendor/laravel/framework/src/Illuminate/Container/Container.php:696
/Users/rafaelogic/Desktop/projects/laravel/packages/codesnoutr/vendor/laravel/framework/src/Illuminate/Foundation/Application.php:1151
/Users/rafaelogic/Desktop/projects/laravel/packages/codesnoutr/vendor/laravel/framework/src/Illuminate/Foundation/Application.php:1132
/Users/rafaelogic/Desktop/projects/laravel/packages/codesnoutr/vendor/laravel/framework/src/Illuminate/Foundation/Application.php:1131
/Users/rafaelogic/Desktop/projects/laravel/packages/codesnoutr/vendor/laravel/framework/src/Illuminate/Foundation/Bootstrap/BootProviders.php:17
/Users/rafaelogic/Desktop/projects/laravel/packages/codesnoutr/vendor/orchestra/testbench-core/src/Concerns/CreatesApplication.php:593
/Users/rafaelogic/Desktop/projects/laravel/packages/codesnoutr/vendor/orchestra/testbench-core/src/Concerns/CreatesApplication.php:311
/Users/rafaelogic/Desktop/projects/laravel/packages/codesnoutr/vendor/orchestra/testbench-core/src/TestCase.php:121
/Users/rafaelogic/Desktop/projects/laravel/packages/codesnoutr/vendor/orchestra/testbench-core/src/Concerns/ApplicationTestingHooks.php:74
/Users/rafaelogic/Desktop/projects/laravel/packages/codesnoutr/vendor/orchestra/testbench-core/src/Concerns/Testing.php:43
/Users/rafaelogic/Desktop/projects/laravel/packages/codesnoutr/vendor/laravel/framework/src/Illuminate/Collections/helpers.php:236
/Users/rafaelogic/Desktop/projects/laravel/packages/codesnoutr/vendor/orchestra/sidekick/src/functions.php:87
/Users/rafaelogic/Desktop/projects/laravel/packages/codesnoutr/vendor/laravel/framework/src/Illuminate/Collections/helpers.php:236
/Users/rafaelogic/Desktop/projects/laravel/packages/codesnoutr/vendor/orchestra/testbench-core/src/Concerns/Testing.php:57
/Users/rafaelogic/Desktop/projects/laravel/packages/codesnoutr/vendor/orchestra/testbench-core/src/TestCase.php:50
/Users/rafaelogic/Desktop/projects/laravel/packages/codesnoutr/tests/TestCase.php:12
/Users/rafaelogic/Desktop/projects/laravel/packages/codesnoutr/tests/Unit/Scanners/Rules/BladeRulesTest.php:14</error>
        </testcase>
        <testcase name="it_detects_superglobal_usage" file="/Users/rafaelogic/Desktop/projects/laravel/packages/codesnoutr/tests/Unit/Scanners/Rules/BladeRulesTest.php" line="205" class="Tests\Unit\Scanners\Rules\BladeRulesTest" classname="Tests.Unit.Scanners.Rules.BladeRulesTest" assertions="0" time="0.000000">
          <error type="Illuminate\Contracts\Container\BindingResolutionException">Tests\Unit\Scanners\Rules\BladeRulesTest::it_detects_superglobal_usage
Illuminate\Contracts\Container\BindingResolutionException: Target class [livewire] does not exist.

/Users/rafaelogic/Desktop/projects/laravel/packages/codesnoutr/vendor/laravel/framework/src/Illuminate/Container/Container.php:961
/Users/rafaelogic/Desktop/projects/laravel/packages/codesnoutr/vendor/laravel/framework/src/Illuminate/Container/Container.php:832
/Users/rafaelogic/Desktop/projects/laravel/packages/codesnoutr/vendor/laravel/framework/src/Illuminate/Foundation/Application.php:1078
/Users/rafaelogic/Desktop/projects/laravel/packages/codesnoutr/vendor/laravel/framework/src/Illuminate/Container/Container.php:763
/Users/rafaelogic/Desktop/projects/laravel/packages/codesnoutr/vendor/laravel/framework/src/Illuminate/Foundation/Application.php:1058
/Users/rafaelogic/Desktop/projects/laravel/packages/codesnoutr/vendor/laravel/framework/src/Illuminate/Container/Container.php:1580
/Users/rafaelogic/Desktop/projects/laravel/packages/codesnoutr/vendor/laravel/framework/src/Illuminate/Support/Facades/Facade.php:239
/Users/rafaelogic/Desktop/projects/laravel/packages/codesnoutr/vendor/laravel/framework/src/Illuminate/Support/Facades/Facade.php:210
/Users/rafaelogic/Desktop/projects/laravel/packages/codesnoutr/vendor/laravel/framework/src/Illuminate/Support/Facades/Facade.php:355
/Users/rafaelogic/Desktop/projects/laravel/packages/codesnoutr/src/CodeSnoutrServiceProvider.php:109
/Users/rafaelogic/Desktop/projects/laravel/packages/codesnoutr/src/CodeSnoutrServiceProvider.php:94
/Users/rafaelogic/Desktop/projects/laravel/packages/codesnoutr/vendor/laravel/framework/src/Illuminate/Container/BoundMethod.php:36
/Users/rafaelogic/Desktop/projects/laravel/packages/codesnoutr/vendor/laravel/framework/src/Illuminate/Container/Util.php:43
/Users/rafaelogic/Desktop/projects/laravel/packages/codesnoutr/vendor/laravel/framework/src/Illuminate/Container/BoundMethod.php:95
/Users/rafaelogic/Desktop/projects/laravel/packages/codesnoutr/vendor/laravel/framework/src/Illuminate/Container/BoundMethod.php:35
/Users/rafaelogic/Desktop/projects/laravel/packages/codesnoutr/vendor/laravel/framework/src/Illuminate/Container/Container.php:696
/Users/rafaelogic/Desktop/projects/laravel/packages/codesnoutr/vendor/laravel/framework/src/Illuminate/Foundation/Application.php:1151
/Users/rafaelogic/Desktop/projects/laravel/packages/codesnoutr/vendor/laravel/framework/src/Illuminate/Foundation/Application.php:1132
/Users/rafaelogic/Desktop/projects/laravel/packages/codesnoutr/vendor/laravel/framework/src/Illuminate/Foundation/Application.php:1131
/Users/rafaelogic/Desktop/projects/laravel/packages/codesnoutr/vendor/laravel/framework/src/Illuminate/Foundation/Bootstrap/BootProviders.php:17
/Users/rafaelogic/Desktop/projects/laravel/packages/codesnoutr/vendor/orchestra/testbench-core/src/Concerns/CreatesApplication.php:593
/Users/rafaelogic/Desktop/projects/laravel/packages/codesnoutr/vendor/orchestra/testbench-core/src/Concerns/CreatesApplication.php:311
/Users/rafaelogic/Desktop/projects/laravel/packages/codesnoutr/vendor/orchestra/testbench-core/src/TestCase.php:121
/Users/rafaelogic/Desktop/projects/laravel/packages/codesnoutr/vendor/orchestra/testbench-core/src/Concerns/ApplicationTestingHooks.php:74
/Users/rafaelogic/Desktop/projects/laravel/packages/codesnoutr/vendor/orchestra/testbench-core/src/Concerns/Testing.php:43
/Users/rafaelogic/Desktop/projects/laravel/packages/codesnoutr/vendor/laravel/framework/src/Illuminate/Collections/helpers.php:236
/Users/rafaelogic/Desktop/projects/laravel/packages/codesnoutr/vendor/orchestra/sidekick/src/functions.php:87
/Users/rafaelogic/Desktop/projects/laravel/packages/codesnoutr/vendor/laravel/framework/src/Illuminate/Collections/helpers.php:236
/Users/rafaelogic/Desktop/projects/laravel/packages/codesnoutr/vendor/orchestra/testbench-core/src/Concerns/Testing.php:57
/Users/rafaelogic/Desktop/projects/laravel/packages/codesnoutr/vendor/orchestra/testbench-core/src/TestCase.php:50
/Users/rafaelogic/Desktop/projects/laravel/packages/codesnoutr/tests/TestCase.php:12
/Users/rafaelogic/Desktop/projects/laravel/packages/codesnoutr/tests/Unit/Scanners/Rules/BladeRulesTest.php:14</error>
        </testcase>
        <testcase name="it_allows_forms_with_csrf_protection" file="/Users/rafaelogic/Desktop/projects/laravel/packages/codesnoutr/tests/Unit/Scanners/Rules/BladeRulesTest.php" line="66" class="Tests\Unit\Scanners\Rules\BladeRulesTest" classname="Tests.Unit.Scanners.Rules.BladeRulesTest" assertions="0" time="0.000000">
          <error type="Illuminate\Contracts\Container\BindingResolutionException">Tests\Unit\Scanners\Rules\BladeRulesTest::it_allows_forms_with_csrf_protection
Illuminate\Contracts\Container\BindingResolutionException: Target class [livewire] does not exist.

/Users/rafaelogic/Desktop/projects/laravel/packages/codesnoutr/vendor/laravel/framework/src/Illuminate/Container/Container.php:961
/Users/rafaelogic/Desktop/projects/laravel/packages/codesnoutr/vendor/laravel/framework/src/Illuminate/Container/Container.php:832
/Users/rafaelogic/Desktop/projects/laravel/packages/codesnoutr/vendor/laravel/framework/src/Illuminate/Foundation/Application.php:1078
/Users/rafaelogic/Desktop/projects/laravel/packages/codesnoutr/vendor/laravel/framework/src/Illuminate/Container/Container.php:763
/Users/rafaelogic/Desktop/projects/laravel/packages/codesnoutr/vendor/laravel/framework/src/Illuminate/Foundation/Application.php:1058
/Users/rafaelogic/Desktop/projects/laravel/packages/codesnoutr/vendor/laravel/framework/src/Illuminate/Container/Container.php:1580
/Users/rafaelogic/Desktop/projects/laravel/packages/codesnoutr/vendor/laravel/framework/src/Illuminate/Support/Facades/Facade.php:239
/Users/rafaelogic/Desktop/projects/laravel/packages/codesnoutr/vendor/laravel/framework/src/Illuminate/Support/Facades/Facade.php:210
/Users/rafaelogic/Desktop/projects/laravel/packages/codesnoutr/vendor/laravel/framework/src/Illuminate/Support/Facades/Facade.php:355
/Users/rafaelogic/Desktop/projects/laravel/packages/codesnoutr/src/CodeSnoutrServiceProvider.php:109
/Users/rafaelogic/Desktop/projects/laravel/packages/codesnoutr/src/CodeSnoutrServiceProvider.php:94
/Users/rafaelogic/Desktop/projects/laravel/packages/codesnoutr/vendor/laravel/framework/src/Illuminate/Container/BoundMethod.php:36
/Users/rafaelogic/Desktop/projects/laravel/packages/codesnoutr/vendor/laravel/framework/src/Illuminate/Container/Util.php:43
/Users/rafaelogic/Desktop/projects/laravel/packages/codesnoutr/vendor/laravel/framework/src/Illuminate/Container/BoundMethod.php:95
/Users/rafaelogic/Desktop/projects/laravel/packages/codesnoutr/vendor/laravel/framework/src/Illuminate/Container/BoundMethod.php:35
/Users/rafaelogic/Desktop/projects/laravel/packages/codesnoutr/vendor/laravel/framework/src/Illuminate/Container/Container.php:696
/Users/rafaelogic/Desktop/projects/laravel/packages/codesnoutr/vendor/laravel/framework/src/Illuminate/Foundation/Application.php:1151
/Users/rafaelogic/Desktop/projects/laravel/packages/codesnoutr/vendor/laravel/framework/src/Illuminate/Foundation/Application.php:1132
/Users/rafaelogic/Desktop/projects/laravel/packages/codesnoutr/vendor/laravel/framework/src/Illuminate/Foundation/Application.php:1131
/Users/rafaelogic/Desktop/projects/laravel/packages/codesnoutr/vendor/laravel/framework/src/Illuminate/Foundation/Bootstrap/BootProviders.php:17
/Users/rafaelogic/Desktop/projects/laravel/packages/codesnoutr/vendor/orchestra/testbench-core/src/Concerns/CreatesApplication.php:593
/Users/rafaelogic/Desktop/projects/laravel/packages/codesnoutr/vendor/orchestra/testbench-core/src/Concerns/CreatesApplication.php:311
/Users/rafaelogic/Desktop/projects/laravel/packages/codesnoutr/vendor/orchestra/testbench-core/src/TestCase.php:121
/Users/rafaelogic/Desktop/projects/laravel/packages/codesnoutr/vendor/orchestra/testbench-core/src/Concerns/ApplicationTestingHooks.php:74
/Users/rafaelogic/Desktop/projects/laravel/packages/codesnoutr/vendor/orchestra/testbench-core/src/Concerns/Testing.php:43
/Users/rafaelogic/Desktop/projects/laravel/packages/codesnoutr/vendor/laravel/framework/src/Illuminate/Collections/helpers.php:236
/Users/rafaelogic/Desktop/projects/laravel/packages/codesnoutr/vendor/orchestra/sidekick/src/functions.php:87
/Users/rafaelogic/Desktop/projects/laravel/packages/codesnoutr/vendor/laravel/framework/src/Illuminate/Collections/helpers.php:236
/Users/rafaelogic/Desktop/projects/laravel/packages/codesnoutr/vendor/orchestra/testbench-core/src/Concerns/Testing.php:57
/Users/rafaelogic/Desktop/projects/laravel/packages/codesnoutr/vendor/orchestra/testbench-core/src/TestCase.php:50
/Users/rafaelogic/Desktop/projects/laravel/packages/codesnoutr/tests/TestCase.php:12
/Users/rafaelogic/Desktop/projects/laravel/packages/codesnoutr/tests/Unit/Scanners/Rules/BladeRulesTest.php:14</error>
        </testcase>
        <testcase name="it_detects_template_complexity" file="/Users/rafaelogic/Desktop/projects/laravel/packages/codesnoutr/tests/Unit/Scanners/Rules/BladeRulesTest.php" line="116" class="Tests\Unit\Scanners\Rules\BladeRulesTest" classname="Tests.Unit.Scanners.Rules.BladeRulesTest" assertions="0" time="0.000000">
          <error type="Illuminate\Contracts\Container\BindingResolutionException">Tests\Unit\Scanners\Rules\BladeRulesTest::it_detects_template_complexity
Illuminate\Contracts\Container\BindingResolutionException: Target class [livewire] does not exist.

/Users/rafaelogic/Desktop/projects/laravel/packages/codesnoutr/vendor/laravel/framework/src/Illuminate/Container/Container.php:961
/Users/rafaelogic/Desktop/projects/laravel/packages/codesnoutr/vendor/laravel/framework/src/Illuminate/Container/Container.php:832
/Users/rafaelogic/Desktop/projects/laravel/packages/codesnoutr/vendor/laravel/framework/src/Illuminate/Foundation/Application.php:1078
/Users/rafaelogic/Desktop/projects/laravel/packages/codesnoutr/vendor/laravel/framework/src/Illuminate/Container/Container.php:763
/Users/rafaelogic/Desktop/projects/laravel/packages/codesnoutr/vendor/laravel/framework/src/Illuminate/Foundation/Application.php:1058
/Users/rafaelogic/Desktop/projects/laravel/packages/codesnoutr/vendor/laravel/framework/src/Illuminate/Container/Container.php:1580
/Users/rafaelogic/Desktop/projects/laravel/packages/codesnoutr/vendor/laravel/framework/src/Illuminate/Support/Facades/Facade.php:239
/Users/rafaelogic/Desktop/projects/laravel/packages/codesnoutr/vendor/laravel/framework/src/Illuminate/Support/Facades/Facade.php:210
/Users/rafaelogic/Desktop/projects/laravel/packages/codesnoutr/vendor/laravel/framework/src/Illuminate/Support/Facades/Facade.php:355
/Users/rafaelogic/Desktop/projects/laravel/packages/codesnoutr/src/CodeSnoutrServiceProvider.php:109
/Users/rafaelogic/Desktop/projects/laravel/packages/codesnoutr/src/CodeSnoutrServiceProvider.php:94
/Users/rafaelogic/Desktop/projects/laravel/packages/codesnoutr/vendor/laravel/framework/src/Illuminate/Container/BoundMethod.php:36
/Users/rafaelogic/Desktop/projects/laravel/packages/codesnoutr/vendor/laravel/framework/src/Illuminate/Container/Util.php:43
/Users/rafaelogic/Desktop/projects/laravel/packages/codesnoutr/vendor/laravel/framework/src/Illuminate/Container/BoundMethod.php:95
/Users/rafaelogic/Desktop/projects/laravel/packages/codesnoutr/vendor/laravel/framework/src/Illuminate/Container/BoundMethod.php:35
/Users/rafaelogic/Desktop/projects/laravel/packages/codesnoutr/vendor/laravel/framework/src/Illuminate/Container/Container.php:696
/Users/rafaelogic/Desktop/projects/laravel/packages/codesnoutr/vendor/laravel/framework/src/Illuminate/Foundation/Application.php:1151
/Users/rafaelogic/Desktop/projects/laravel/packages/codesnoutr/vendor/laravel/framework/src/Illuminate/Foundation/Application.php:1132
/Users/rafaelogic/Desktop/projects/laravel/packages/codesnoutr/vendor/laravel/framework/src/Illuminate/Foundation/Application.php:1131
/Users/rafaelogic/Desktop/projects/laravel/packages/codesnoutr/vendor/laravel/framework/src/Illuminate/Foundation/Bootstrap/BootProviders.php:17
/Users/rafaelogic/Desktop/projects/laravel/packages/codesnoutr/vendor/orchestra/testbench-core/src/Concerns/CreatesApplication.php:593
/Users/rafaelogic/Desktop/projects/laravel/packages/codesnoutr/vendor/orchestra/testbench-core/src/Concerns/CreatesApplication.php:311
/Users/rafaelogic/Desktop/projects/laravel/packages/codesnoutr/vendor/orchestra/testbench-core/src/TestCase.php:121
/Users/rafaelogic/Desktop/projects/laravel/packages/codesnoutr/vendor/orchestra/testbench-core/src/Concerns/ApplicationTestingHooks.php:74
/Users/rafaelogic/Desktop/projects/laravel/packages/codesnoutr/vendor/orchestra/testbench-core/src/Concerns/Testing.php:43
/Users/rafaelogic/Desktop/projects/laravel/packages/codesnoutr/vendor/laravel/framework/src/Illuminate/Collections/helpers.php:236
/Users/rafaelogic/Desktop/projects/laravel/packages/codesnoutr/vendor/orchestra/sidekick/src/functions.php:87
/Users/rafaelogic/Desktop/projects/laravel/packages/codesnoutr/vendor/laravel/framework/src/Illuminate/Collections/helpers.php:236
/Users/rafaelogic/Desktop/projects/laravel/packages/codesnoutr/vendor/orchestra/testbench-core/src/Concerns/Testing.php:57
/Users/rafaelogic/Desktop/projects/laravel/packages/codesnoutr/vendor/orchestra/testbench-core/src/TestCase.php:50
/Users/rafaelogic/Desktop/projects/laravel/packages/codesnoutr/tests/TestCase.php:12
/Users/rafaelogic/Desktop/projects/laravel/packages/codesnoutr/tests/Unit/Scanners/Rules/BladeRulesTest.php:14</error>
        </testcase>
        <testcase name="it_detects_deprecated_syntax" file="/Users/rafaelogic/Desktop/projects/laravel/packages/codesnoutr/tests/Unit/Scanners/Rules/BladeRulesTest.php" line="219" class="Tests\Unit\Scanners\Rules\BladeRulesTest" classname="Tests.Unit.Scanners.Rules.BladeRulesTest" assertions="0" time="0.000000">
          <error type="Illuminate\Contracts\Container\BindingResolutionException">Tests\Unit\Scanners\Rules\BladeRulesTest::it_detects_deprecated_syntax
Illuminate\Contracts\Container\BindingResolutionException: Target class [livewire] does not exist.

/Users/rafaelogic/Desktop/projects/laravel/packages/codesnoutr/vendor/laravel/framework/src/Illuminate/Container/Container.php:961
/Users/rafaelogic/Desktop/projects/laravel/packages/codesnoutr/vendor/laravel/framework/src/Illuminate/Container/Container.php:832
/Users/rafaelogic/Desktop/projects/laravel/packages/codesnoutr/vendor/laravel/framework/src/Illuminate/Foundation/Application.php:1078
/Users/rafaelogic/Desktop/projects/laravel/packages/codesnoutr/vendor/laravel/framework/src/Illuminate/Container/Container.php:763
/Users/rafaelogic/Desktop/projects/laravel/packages/codesnoutr/vendor/laravel/framework/src/Illuminate/Foundation/Application.php:1058
/Users/rafaelogic/Desktop/projects/laravel/packages/codesnoutr/vendor/laravel/framework/src/Illuminate/Container/Container.php:1580
/Users/rafaelogic/Desktop/projects/laravel/packages/codesnoutr/vendor/laravel/framework/src/Illuminate/Support/Facades/Facade.php:239
/Users/rafaelogic/Desktop/projects/laravel/packages/codesnoutr/vendor/laravel/framework/src/Illuminate/Support/Facades/Facade.php:210
/Users/rafaelogic/Desktop/projects/laravel/packages/codesnoutr/vendor/laravel/framework/src/Illuminate/Support/Facades/Facade.php:355
/Users/rafaelogic/Desktop/projects/laravel/packages/codesnoutr/src/CodeSnoutrServiceProvider.php:109
/Users/rafaelogic/Desktop/projects/laravel/packages/codesnoutr/src/CodeSnoutrServiceProvider.php:94
/Users/rafaelogic/Desktop/projects/laravel/packages/codesnoutr/vendor/laravel/framework/src/Illuminate/Container/BoundMethod.php:36
/Users/rafaelogic/Desktop/projects/laravel/packages/codesnoutr/vendor/laravel/framework/src/Illuminate/Container/Util.php:43
/Users/rafaelogic/Desktop/projects/laravel/packages/codesnoutr/vendor/laravel/framework/src/Illuminate/Container/BoundMethod.php:95
/Users/rafaelogic/Desktop/projects/laravel/packages/codesnoutr/vendor/laravel/framework/src/Illuminate/Container/BoundMethod.php:35
/Users/rafaelogic/Desktop/projects/laravel/packages/codesnoutr/vendor/laravel/framework/src/Illuminate/Container/Container.php:696
/Users/rafaelogic/Desktop/projects/laravel/packages/codesnoutr/vendor/laravel/framework/src/Illuminate/Foundation/Application.php:1151
/Users/rafaelogic/Desktop/projects/laravel/packages/codesnoutr/vendor/laravel/framework/src/Illuminate/Foundation/Application.php:1132
/Users/rafaelogic/Desktop/projects/laravel/packages/codesnoutr/vendor/laravel/framework/src/Illuminate/Foundation/Application.php:1131
/Users/rafaelogic/Desktop/projects/laravel/packages/codesnoutr/vendor/laravel/framework/src/Illuminate/Foundation/Bootstrap/BootProviders.php:17
/Users/rafaelogic/Desktop/projects/laravel/packages/codesnoutr/vendor/orchestra/testbench-core/src/Concerns/CreatesApplication.php:593
/Users/rafaelogic/Desktop/projects/laravel/packages/codesnoutr/vendor/orchestra/testbench-core/src/Concerns/CreatesApplication.php:311
/Users/rafaelogic/Desktop/projects/laravel/packages/codesnoutr/vendor/orchestra/testbench-core/src/TestCase.php:121
/Users/rafaelogic/Desktop/projects/laravel/packages/codesnoutr/vendor/orchestra/testbench-core/src/Concerns/ApplicationTestingHooks.php:74
/Users/rafaelogic/Desktop/projects/laravel/packages/codesnoutr/vendor/orchestra/testbench-core/src/Concerns/Testing.php:43
/Users/rafaelogic/Desktop/projects/laravel/packages/codesnoutr/vendor/laravel/framework/src/Illuminate/Collections/helpers.php:236
/Users/rafaelogic/Desktop/projects/laravel/packages/codesnoutr/vendor/orchestra/sidekick/src/functions.php:87
/Users/rafaelogic/Desktop/projects/laravel/packages/codesnoutr/vendor/laravel/framework/src/Illuminate/Collections/helpers.php:236
/Users/rafaelogic/Desktop/projects/laravel/packages/codesnoutr/vendor/orchestra/testbench-core/src/Concerns/Testing.php:57
/Users/rafaelogic/Desktop/projects/laravel/packages/codesnoutr/vendor/orchestra/testbench-core/src/TestCase.php:50
/Users/rafaelogic/Desktop/projects/laravel/packages/codesnoutr/tests/TestCase.php:12
/Users/rafaelogic/Desktop/projects/laravel/packages/codesnoutr/tests/Unit/Scanners/Rules/BladeRulesTest.php:14</error>
        </testcase>
      </testsuite>
    </testsuite>
  </testsuite>
</testsuites>
